This is pdfTeX, Version 3.14159265-2.6-1.40.18 (TeX Live 2017) (preloaded format=pdflatex 2018.1.22)  30 JUL 2018 22:45
entering extended mode
 restricted \write18 enabled.
 %&-line parsing enabled.
**conv_arithmetic.tex
(./conv_arithmetic.tex
LaTeX2e <2017-04-15>
Babel <3.10> and hyphenation patterns for 84 language(s) loaded.
(/usr/local/texlive/2017/texmf-dist/tex/latex/base/report.cls
Document Class: report 2014/09/29 v1.4h Standard LaTeX document class
(/usr/local/texlive/2017/texmf-dist/tex/latex/base/size10.clo
File: size10.clo 2014/09/29 v1.4h Standard LaTeX file (size option)
)
\c@part=\count79
\c@chapter=\count80
\c@section=\count81
\c@subsection=\count82
\c@subsubsection=\count83
\c@paragraph=\count84
\c@subparagraph=\count85
\c@figure=\count86
\c@table=\count87
\abovecaptionskip=\skip41
\belowcaptionskip=\skip42
\bibindent=\dimen102
)
(/usr/local/texlive/2017/texmf-dist/tex/latex/amsmath/amsmath.sty
Package: amsmath 2016/11/05 v2.16a AMS math features
\@mathmargin=\skip43

For additional information on amsmath, use the `?' option.
(/usr/local/texlive/2017/texmf-dist/tex/latex/amsmath/amstext.sty
Package: amstext 2000/06/29 v2.01 AMS text

(/usr/local/texlive/2017/texmf-dist/tex/latex/amsmath/amsgen.sty
File: amsgen.sty 1999/11/30 v2.0 generic functions
\@emptytoks=\toks14
\ex@=\dimen103
))
(/usr/local/texlive/2017/texmf-dist/tex/latex/amsmath/amsbsy.sty
Package: amsbsy 1999/11/29 v1.2d Bold Symbols
\pmbraise@=\dimen104
)
(/usr/local/texlive/2017/texmf-dist/tex/latex/amsmath/amsopn.sty
Package: amsopn 2016/03/08 v2.02 operator names
)
\inf@bad=\count88
LaTeX Info: Redefining \frac on input line 213.
\uproot@=\count89
\leftroot@=\count90
LaTeX Info: Redefining \overline on input line 375.
\classnum@=\count91
\DOTSCASE@=\count92
LaTeX Info: Redefining \ldots on input line 472.
LaTeX Info: Redefining \dots on input line 475.
LaTeX Info: Redefining \cdots on input line 596.
\Mathstrutbox@=\box26
\strutbox@=\box27
\big@size=\dimen105
LaTeX Font Info:    Redeclaring font encoding OML on input line 712.
LaTeX Font Info:    Redeclaring font encoding OMS on input line 713.
\macc@depth=\count93
\c@MaxMatrixCols=\count94
\dotsspace@=\muskip10
\c@parentequation=\count95
\dspbrk@lvl=\count96
\tag@help=\toks15
\row@=\count97
\column@=\count98
\maxfields@=\count99
\andhelp@=\toks16
\eqnshift@=\dimen106
\alignsep@=\dimen107
\tagshift@=\dimen108
\tagwidth@=\dimen109
\totwidth@=\dimen110
\lineht@=\dimen111
\@envbody=\toks17
\multlinegap=\skip44
\multlinetaggap=\skip45
\mathdisplay@stack=\toks18
LaTeX Info: Redefining \[ on input line 2817.
LaTeX Info: Redefining \] on input line 2818.
)
(/usr/local/texlive/2017/texmf-dist/tex/latex/amsfonts/amsfonts.sty
Package: amsfonts 2013/01/14 v3.01 Basic AMSFonts support
\symAMSa=\mathgroup4
\symAMSb=\mathgroup5
LaTeX Font Info:    Overwriting math alphabet `\mathfrak' in version `bold'
(Font)                  U/euf/m/n --> U/euf/b/n on input line 106.
)
(/usr/local/texlive/2017/texmf-dist/tex/latex/amscls/amsthm.sty
Package: amsthm 2015/03/04 v2.20.2
\thm@style=\toks19
\thm@bodyfont=\toks20
\thm@headfont=\toks21
\thm@notefont=\toks22
\thm@headpunct=\toks23
\thm@preskip=\skip46
\thm@postskip=\skip47
\thm@headsep=\skip48
\dth@everypar=\toks24
)
(/usr/local/texlive/2017/texmf-dist/tex/latex/amsfonts/amssymb.sty
Package: amssymb 2013/01/14 v3.01 AMS font symbols
)
(/usr/local/texlive/2017/texmf-dist/tex/latex/preprint/authblk.sty
Package: authblk 2001/02/27 1.3 (PWD)
\affilsep=\skip49
\@affilsep=\skip50
\c@Maxaffil=\count100
\c@authors=\count101
\c@affil=\count102
)
(/usr/local/texlive/2017/texmf-dist/tex/latex/base/fontenc.sty
Package: fontenc 2017/04/05 v2.0i Standard LaTeX package

(/usr/local/texlive/2017/texmf-dist/tex/latex/base/t1enc.def
File: t1enc.def 2017/04/05 v2.0i Standard LaTeX file
LaTeX Font Info:    Redeclaring font encoding T1 on input line 48.
))
(/usr/local/texlive/2017/texmf-dist/tex/latex/graphics/graphicx.sty
Package: graphicx 2014/10/28 v1.0g Enhanced LaTeX Graphics (DPC,SPQR)

(/usr/local/texlive/2017/texmf-dist/tex/latex/graphics/keyval.sty
Package: keyval 2014/10/28 v1.15 key=value parser (DPC)
\KV@toks@=\toks25
)
(/usr/local/texlive/2017/texmf-dist/tex/latex/graphics/graphics.sty
Package: graphics 2017/04/14 v1.1b Standard LaTeX Graphics (DPC,SPQR)

(/usr/local/texlive/2017/texmf-dist/tex/latex/graphics/trig.sty
Package: trig 2016/01/03 v1.10 sin cos tan (DPC)
)
(/usr/local/texlive/2017/texmf-dist/tex/latex/graphics-cfg/graphics.cfg
File: graphics.cfg 2016/06/04 v1.11 sample graphics configuration
)
Package graphics Info: Driver file: pdftex.def on input line 99.

(/usr/local/texlive/2017/texmf-dist/tex/latex/graphics-def/pdftex.def
File: pdftex.def 2017/01/12 v0.06k Graphics/color for pdfTeX

(/usr/local/texlive/2017/texmf-dist/tex/generic/oberdiek/infwarerr.sty
Package: infwarerr 2016/05/16 v1.4 Providing info/warning/error messages (HO)
)
(/usr/local/texlive/2017/texmf-dist/tex/generic/oberdiek/ltxcmds.sty
Package: ltxcmds 2016/05/16 v1.23 LaTeX kernel commands for general use (HO)
)
\Gread@gobject=\count103
))
\Gin@req@height=\dimen112
\Gin@req@width=\dimen113
)
(/usr/local/texlive/2017/texmf-dist/tex/latex/base/inputenc.sty
Package: inputenc 2015/03/17 v1.2c Input encoding file
\inpenc@prehook=\toks26
\inpenc@posthook=\toks27

(/usr/local/texlive/2017/texmf-dist/tex/latex/base/utf8.def
File: utf8.def 2017/01/28 v1.1t UTF-8 support for inputenc
Now handling font encoding OML ...
... no UTF-8 mapping file for font encoding OML
Now handling font encoding T1 ...
... processing UTF-8 mapping file for font encoding T1

(/usr/local/texlive/2017/texmf-dist/tex/latex/base/t1enc.dfu
File: t1enc.dfu 2017/01/28 v1.1t UTF-8 support for inputenc
   defining Unicode char U+00A0 (decimal 160)
   defining Unicode char U+00A1 (decimal 161)
   defining Unicode char U+00A3 (decimal 163)
   defining Unicode char U+00AB (decimal 171)
   defining Unicode char U+00AD (decimal 173)
   defining Unicode char U+00BB (decimal 187)
   defining Unicode char U+00BF (decimal 191)
   defining Unicode char U+00C0 (decimal 192)
   defining Unicode char U+00C1 (decimal 193)
   defining Unicode char U+00C2 (decimal 194)
   defining Unicode char U+00C3 (decimal 195)
   defining Unicode char U+00C4 (decimal 196)
   defining Unicode char U+00C5 (decimal 197)
   defining Unicode char U+00C6 (decimal 198)
   defining Unicode char U+00C7 (decimal 199)
   defining Unicode char U+00C8 (decimal 200)
   defining Unicode char U+00C9 (decimal 201)
   defining Unicode char U+00CA (decimal 202)
   defining Unicode char U+00CB (decimal 203)
   defining Unicode char U+00CC (decimal 204)
   defining Unicode char U+00CD (decimal 205)
   defining Unicode char U+00CE (decimal 206)
   defining Unicode char U+00CF (decimal 207)
   defining Unicode char U+00D0 (decimal 208)
   defining Unicode char U+00D1 (decimal 209)
   defining Unicode char U+00D2 (decimal 210)
   defining Unicode char U+00D3 (decimal 211)
   defining Unicode char U+00D4 (decimal 212)
   defining Unicode char U+00D5 (decimal 213)
   defining Unicode char U+00D6 (decimal 214)
   defining Unicode char U+00D8 (decimal 216)
   defining Unicode char U+00D9 (decimal 217)
   defining Unicode char U+00DA (decimal 218)
   defining Unicode char U+00DB (decimal 219)
   defining Unicode char U+00DC (decimal 220)
   defining Unicode char U+00DD (decimal 221)
   defining Unicode char U+00DE (decimal 222)
   defining Unicode char U+00DF (decimal 223)
   defining Unicode char U+00E0 (decimal 224)
   defining Unicode char U+00E1 (decimal 225)
   defining Unicode char U+00E2 (decimal 226)
   defining Unicode char U+00E3 (decimal 227)
   defining Unicode char U+00E4 (decimal 228)
   defining Unicode char U+00E5 (decimal 229)
   defining Unicode char U+00E6 (decimal 230)
   defining Unicode char U+00E7 (decimal 231)
   defining Unicode char U+00E8 (decimal 232)
   defining Unicode char U+00E9 (decimal 233)
   defining Unicode char U+00EA (decimal 234)
   defining Unicode char U+00EB (decimal 235)
   defining Unicode char U+00EC (decimal 236)
   defining Unicode char U+00ED (decimal 237)
   defining Unicode char U+00EE (decimal 238)
   defining Unicode char U+00EF (decimal 239)
   defining Unicode char U+00F0 (decimal 240)
   defining Unicode char U+00F1 (decimal 241)
   defining Unicode char U+00F2 (decimal 242)
   defining Unicode char U+00F3 (decimal 243)
   defining Unicode char U+00F4 (decimal 244)
   defining Unicode char U+00F5 (decimal 245)
   defining Unicode char U+00F6 (decimal 246)
   defining Unicode char U+00F8 (decimal 248)
   defining Unicode char U+00F9 (decimal 249)
   defining Unicode char U+00FA (decimal 250)
   defining Unicode char U+00FB (decimal 251)
   defining Unicode char U+00FC (decimal 252)
   defining Unicode char U+00FD (decimal 253)
   defining Unicode char U+00FE (decimal 254)
   defining Unicode char U+00FF (decimal 255)
   defining Unicode char U+0100 (decimal 256)
   defining Unicode char U+0101 (decimal 257)
   defining Unicode char U+0102 (decimal 258)
   defining Unicode char U+0103 (decimal 259)
   defining Unicode char U+0104 (decimal 260)
   defining Unicode char U+0105 (decimal 261)
   defining Unicode char U+0106 (decimal 262)
   defining Unicode char U+0107 (decimal 263)
   defining Unicode char U+0108 (decimal 264)
   defining Unicode char U+0109 (decimal 265)
   defining Unicode char U+010A (decimal 266)
   defining Unicode char U+010B (decimal 267)
   defining Unicode char U+010C (decimal 268)
   defining Unicode char U+010D (decimal 269)
   defining Unicode char U+010E (decimal 270)
   defining Unicode char U+010F (decimal 271)
   defining Unicode char U+0110 (decimal 272)
   defining Unicode char U+0111 (decimal 273)
   defining Unicode char U+0112 (decimal 274)
   defining Unicode char U+0113 (decimal 275)
   defining Unicode char U+0114 (decimal 276)
   defining Unicode char U+0115 (decimal 277)
   defining Unicode char U+0116 (decimal 278)
   defining Unicode char U+0117 (decimal 279)
   defining Unicode char U+0118 (decimal 280)
   defining Unicode char U+0119 (decimal 281)
   defining Unicode char U+011A (decimal 282)
   defining Unicode char U+011B (decimal 283)
   defining Unicode char U+011C (decimal 284)
   defining Unicode char U+011D (decimal 285)
   defining Unicode char U+011E (decimal 286)
   defining Unicode char U+011F (decimal 287)
   defining Unicode char U+0120 (decimal 288)
   defining Unicode char U+0121 (decimal 289)
   defining Unicode char U+0122 (decimal 290)
   defining Unicode char U+0123 (decimal 291)
   defining Unicode char U+0124 (decimal 292)
   defining Unicode char U+0125 (decimal 293)
   defining Unicode char U+0128 (decimal 296)
   defining Unicode char U+0129 (decimal 297)
   defining Unicode char U+012A (decimal 298)
   defining Unicode char U+012B (decimal 299)
   defining Unicode char U+012C (decimal 300)
   defining Unicode char U+012D (decimal 301)
   defining Unicode char U+012E (decimal 302)
   defining Unicode char U+012F (decimal 303)
   defining Unicode char U+0130 (decimal 304)
   defining Unicode char U+0131 (decimal 305)
   defining Unicode char U+0132 (decimal 306)
   defining Unicode char U+0133 (decimal 307)
   defining Unicode char U+0134 (decimal 308)
   defining Unicode char U+0135 (decimal 309)
   defining Unicode char U+0136 (decimal 310)
   defining Unicode char U+0137 (decimal 311)
   defining Unicode char U+0139 (decimal 313)
   defining Unicode char U+013A (decimal 314)
   defining Unicode char U+013B (decimal 315)
   defining Unicode char U+013C (decimal 316)
   defining Unicode char U+013D (decimal 317)
   defining Unicode char U+013E (decimal 318)
   defining Unicode char U+0141 (decimal 321)
   defining Unicode char U+0142 (decimal 322)
   defining Unicode char U+0143 (decimal 323)
   defining Unicode char U+0144 (decimal 324)
   defining Unicode char U+0145 (decimal 325)
   defining Unicode char U+0146 (decimal 326)
   defining Unicode char U+0147 (decimal 327)
   defining Unicode char U+0148 (decimal 328)
   defining Unicode char U+014A (decimal 330)
   defining Unicode char U+014B (decimal 331)
   defining Unicode char U+014C (decimal 332)
   defining Unicode char U+014D (decimal 333)
   defining Unicode char U+014E (decimal 334)
   defining Unicode char U+014F (decimal 335)
   defining Unicode char U+0150 (decimal 336)
   defining Unicode char U+0151 (decimal 337)
   defining Unicode char U+0152 (decimal 338)
   defining Unicode char U+0153 (decimal 339)
   defining Unicode char U+0154 (decimal 340)
   defining Unicode char U+0155 (decimal 341)
   defining Unicode char U+0156 (decimal 342)
   defining Unicode char U+0157 (decimal 343)
   defining Unicode char U+0158 (decimal 344)
   defining Unicode char U+0159 (decimal 345)
   defining Unicode char U+015A (decimal 346)
   defining Unicode char U+015B (decimal 347)
   defining Unicode char U+015C (decimal 348)
   defining Unicode char U+015D (decimal 349)
   defining Unicode char U+015E (decimal 350)
   defining Unicode char U+015F (decimal 351)
   defining Unicode char U+0160 (decimal 352)
   defining Unicode char U+0161 (decimal 353)
   defining Unicode char U+0162 (decimal 354)
   defining Unicode char U+0163 (decimal 355)
   defining Unicode char U+0164 (decimal 356)
   defining Unicode char U+0165 (decimal 357)
   defining Unicode char U+0168 (decimal 360)
   defining Unicode char U+0169 (decimal 361)
   defining Unicode char U+016A (decimal 362)
   defining Unicode char U+016B (decimal 363)
   defining Unicode char U+016C (decimal 364)
   defining Unicode char U+016D (decimal 365)
   defining Unicode char U+016E (decimal 366)
   defining Unicode char U+016F (decimal 367)
   defining Unicode char U+0170 (decimal 368)
   defining Unicode char U+0171 (decimal 369)
   defining Unicode char U+0172 (decimal 370)
   defining Unicode char U+0173 (decimal 371)
   defining Unicode char U+0174 (decimal 372)
   defining Unicode char U+0175 (decimal 373)
   defining Unicode char U+0176 (decimal 374)
   defining Unicode char U+0177 (decimal 375)
   defining Unicode char U+0178 (decimal 376)
   defining Unicode char U+0179 (decimal 377)
   defining Unicode char U+017A (decimal 378)
   defining Unicode char U+017B (decimal 379)
   defining Unicode char U+017C (decimal 380)
   defining Unicode char U+017D (decimal 381)
   defining Unicode char U+017E (decimal 382)
   defining Unicode char U+01CD (decimal 461)
   defining Unicode char U+01CE (decimal 462)
   defining Unicode char U+01CF (decimal 463)
   defining Unicode char U+01D0 (decimal 464)
   defining Unicode char U+01D1 (decimal 465)
   defining Unicode char U+01D2 (decimal 466)
   defining Unicode char U+01D3 (decimal 467)
   defining Unicode char U+01D4 (decimal 468)
   defining Unicode char U+01E2 (decimal 482)
   defining Unicode char U+01E3 (decimal 483)
   defining Unicode char U+01E6 (decimal 486)
   defining Unicode char U+01E7 (decimal 487)
   defining Unicode char U+01E8 (decimal 488)
   defining Unicode char U+01E9 (decimal 489)
   defining Unicode char U+01EA (decimal 490)
   defining Unicode char U+01EB (decimal 491)
   defining Unicode char U+01F0 (decimal 496)
   defining Unicode char U+01F4 (decimal 500)
   defining Unicode char U+01F5 (decimal 501)
   defining Unicode char U+0218 (decimal 536)
   defining Unicode char U+0219 (decimal 537)
   defining Unicode char U+021A (decimal 538)
   defining Unicode char U+021B (decimal 539)
   defining Unicode char U+0232 (decimal 562)
   defining Unicode char U+0233 (decimal 563)
   defining Unicode char U+1E02 (decimal 7682)
   defining Unicode char U+1E03 (decimal 7683)
   defining Unicode char U+200C (decimal 8204)
   defining Unicode char U+2010 (decimal 8208)
   defining Unicode char U+2011 (decimal 8209)
   defining Unicode char U+2012 (decimal 8210)
   defining Unicode char U+2013 (decimal 8211)
   defining Unicode char U+2014 (decimal 8212)
   defining Unicode char U+2015 (decimal 8213)
   defining Unicode char U+2018 (decimal 8216)
   defining Unicode char U+2019 (decimal 8217)
   defining Unicode char U+201A (decimal 8218)
   defining Unicode char U+201C (decimal 8220)
   defining Unicode char U+201D (decimal 8221)
   defining Unicode char U+201E (decimal 8222)
   defining Unicode char U+2030 (decimal 8240)
   defining Unicode char U+2031 (decimal 8241)
   defining Unicode char U+2039 (decimal 8249)
   defining Unicode char U+203A (decimal 8250)
   defining Unicode char U+2423 (decimal 9251)
   defining Unicode char U+1E20 (decimal 7712)
   defining Unicode char U+1E21 (decimal 7713)
)
Now handling font encoding OT1 ...
... processing UTF-8 mapping file for font encoding OT1

(/usr/local/texlive/2017/texmf-dist/tex/latex/base/ot1enc.dfu
File: ot1enc.dfu 2017/01/28 v1.1t UTF-8 support for inputenc
   defining Unicode char U+00A0 (decimal 160)
   defining Unicode char U+00A1 (decimal 161)
   defining Unicode char U+00A3 (decimal 163)
   defining Unicode char U+00AD (decimal 173)
   defining Unicode char U+00B8 (decimal 184)
   defining Unicode char U+00BF (decimal 191)
   defining Unicode char U+00C5 (decimal 197)
   defining Unicode char U+00C6 (decimal 198)
   defining Unicode char U+00D8 (decimal 216)
   defining Unicode char U+00DF (decimal 223)
   defining Unicode char U+00E6 (decimal 230)
   defining Unicode char U+00EC (decimal 236)
   defining Unicode char U+00ED (decimal 237)
   defining Unicode char U+00EE (decimal 238)
   defining Unicode char U+00EF (decimal 239)
   defining Unicode char U+00F8 (decimal 248)
   defining Unicode char U+0131 (decimal 305)
   defining Unicode char U+0141 (decimal 321)
   defining Unicode char U+0142 (decimal 322)
   defining Unicode char U+0152 (decimal 338)
   defining Unicode char U+0153 (decimal 339)
   defining Unicode char U+0174 (decimal 372)
   defining Unicode char U+0175 (decimal 373)
   defining Unicode char U+0176 (decimal 374)
   defining Unicode char U+0177 (decimal 375)
   defining Unicode char U+0218 (decimal 536)
   defining Unicode char U+0219 (decimal 537)
   defining Unicode char U+021A (decimal 538)
   defining Unicode char U+021B (decimal 539)
   defining Unicode char U+2013 (decimal 8211)
   defining Unicode char U+2014 (decimal 8212)
   defining Unicode char U+2018 (decimal 8216)
   defining Unicode char U+2019 (decimal 8217)
   defining Unicode char U+201C (decimal 8220)
   defining Unicode char U+201D (decimal 8221)
)
Now handling font encoding OMS ...
... processing UTF-8 mapping file for font encoding OMS

(/usr/local/texlive/2017/texmf-dist/tex/latex/base/omsenc.dfu
File: omsenc.dfu 2017/01/28 v1.1t UTF-8 support for inputenc
   defining Unicode char U+00A7 (decimal 167)
   defining Unicode char U+00B6 (decimal 182)
   defining Unicode char U+00B7 (decimal 183)
   defining Unicode char U+2020 (decimal 8224)
   defining Unicode char U+2021 (decimal 8225)
   defining Unicode char U+2022 (decimal 8226)
)
Now handling font encoding OMX ...
... no UTF-8 mapping file for font encoding OMX
Now handling font encoding U ...
... no UTF-8 mapping file for font encoding U
   defining Unicode char U+00A9 (decimal 169)
   defining Unicode char U+00AA (decimal 170)
   defining Unicode char U+00AE (decimal 174)
   defining Unicode char U+00BA (decimal 186)
   defining Unicode char U+02C6 (decimal 710)
   defining Unicode char U+02DC (decimal 732)
   defining Unicode char U+200C (decimal 8204)
   defining Unicode char U+2026 (decimal 8230)
   defining Unicode char U+2122 (decimal 8482)
   defining Unicode char U+2423 (decimal 9251)
))
(/usr/local/texlive/2017/texmf-dist/tex/latex/mdframed/mdframed.sty
Package: mdframed 2013/07/01 1.9b: mdframed

(/usr/local/texlive/2017/texmf-dist/tex/latex/oberdiek/kvoptions.sty
Package: kvoptions 2016/05/16 v3.12 Key value format for package options (HO)

(/usr/local/texlive/2017/texmf-dist/tex/generic/oberdiek/kvsetkeys.sty
Package: kvsetkeys 2016/05/16 v1.17 Key value parser (HO)

(/usr/local/texlive/2017/texmf-dist/tex/generic/oberdiek/etexcmds.sty
Package: etexcmds 2016/05/16 v1.6 Avoid name clashes with e-TeX commands (HO)

(/usr/local/texlive/2017/texmf-dist/tex/generic/oberdiek/ifluatex.sty
Package: ifluatex 2016/05/16 v1.4 Provides the ifluatex switch (HO)
Package ifluatex Info: LuaTeX not detected.
)
Package etexcmds Info: Could not find \expanded.
(etexcmds)             That can mean that you are not using pdfTeX 1.50 or
(etexcmds)             that some package has redefined \expanded.
(etexcmds)             In the latter case, load this package earlier.
)))
(/usr/local/texlive/2017/texmf-dist/tex/latex/l3packages/xparse/xparse.sty
(/usr/local/texlive/2017/texmf-dist/tex/latex/l3kernel/expl3.sty
Package: expl3 2017/05/13 L3 programming layer (loader) 

(/usr/local/texlive/2017/texmf-dist/tex/latex/l3kernel/expl3-code.tex
Package: expl3 2017/05/13 L3 programming layer (code)
\c_max_int=\count104
\l_tmpa_int=\count105
\l_tmpb_int=\count106
\g_tmpa_int=\count107
\g_tmpb_int=\count108
\g__prg_map_int=\count109
\c_log_iow=\count110
\l_iow_line_count_int=\count111
\l__iow_line_target_int=\count112
\l__iow_one_indent_int=\count113
\l__iow_indent_int=\count114
\c_zero_dim=\dimen114
\c_max_dim=\dimen115
\l_tmpa_dim=\dimen116
\l_tmpb_dim=\dimen117
\g_tmpa_dim=\dimen118
\g_tmpb_dim=\dimen119
\c_zero_skip=\skip51
\c_max_skip=\skip52
\l_tmpa_skip=\skip53
\l_tmpb_skip=\skip54
\g_tmpa_skip=\skip55
\g_tmpb_skip=\skip56
\c_zero_muskip=\muskip11
\c_max_muskip=\muskip12
\l_tmpa_muskip=\muskip13
\l_tmpb_muskip=\muskip14
\g_tmpa_muskip=\muskip15
\g_tmpb_muskip=\muskip16
\l_keys_choice_int=\count115
\c__fp_leading_shift_int=\count116
\c__fp_middle_shift_int=\count117
\c__fp_trailing_shift_int=\count118
\c__fp_big_leading_shift_int=\count119
\c__fp_big_middle_shift_int=\count120
\c__fp_big_trailing_shift_int=\count121
\c__fp_Bigg_leading_shift_int=\count122
\c__fp_Bigg_middle_shift_int=\count123
\c__fp_Bigg_trailing_shift_int=\count124
\c__fp_rand_size_int=\count125
\c__fp_rand_four_int=\count126
\c__fp_rand_eight_int=\count127
\l__sort_length_int=\count128
\l__sort_min_int=\count129
\l__sort_top_int=\count130
\l__sort_max_int=\count131
\l__sort_true_max_int=\count132
\l__sort_block_int=\count133
\l__sort_begin_int=\count134
\l__sort_end_int=\count135
\l__sort_A_int=\count136
\l__sort_B_int=\count137
\l__sort_C_int=\count138
\c_empty_box=\box28
\l_tmpa_box=\box29
\l_tmpb_box=\box30
\g_tmpa_box=\box31
\g_tmpb_box=\box32
\l__box_top_dim=\dimen120
\l__box_bottom_dim=\dimen121
\l__box_left_dim=\dimen122
\l__box_right_dim=\dimen123
\l__box_top_new_dim=\dimen124
\l__box_bottom_new_dim=\dimen125
\l__box_left_new_dim=\dimen126
\l__box_right_new_dim=\dimen127
\l__box_internal_box=\box33
\l__coffin_internal_box=\box34
\l__coffin_internal_dim=\dimen128
\l__coffin_offset_x_dim=\dimen129
\l__coffin_offset_y_dim=\dimen130
\l__coffin_x_dim=\dimen131
\l__coffin_y_dim=\dimen132
\l__coffin_x_prime_dim=\dimen133
\l__coffin_y_prime_dim=\dimen134
\c_empty_coffin=\box35
\l__coffin_aligned_coffin=\box36
\l__coffin_aligned_internal_coffin=\box37
\l_tmpa_coffin=\box38
\l_tmpb_coffin=\box39
\l__coffin_display_coffin=\box40
\l__coffin_display_coord_coffin=\box41
\l__coffin_display_pole_coffin=\box42
\l__coffin_display_offset_dim=\dimen135
\l__coffin_display_x_dim=\dimen136
\l__coffin_display_y_dim=\dimen137
\l__coffin_bounding_shift_dim=\dimen138
\l__coffin_left_corner_dim=\dimen139
\l__coffin_right_corner_dim=\dimen140
\l__coffin_bottom_corner_dim=\dimen141
\l__coffin_top_corner_dim=\dimen142
\l__coffin_scaled_total_height_dim=\dimen143
\l__coffin_scaled_width_dim=\dimen144
)
(/usr/local/texlive/2017/texmf-dist/tex/latex/l3kernel/l3pdfmode.def
File: l3pdfmode.def 2017/03/18 v L3 Experimental driver: PDF mode
\l__driver_color_stack_int=\count139
\l__driver_tmp_box=\box43
))
Package: xparse 2017/05/13 L3 Experimental document command parser
\l__xparse_current_arg_int=\count140
\g__xparse_grabber_int=\count141
\l__xparse_m_args_int=\count142
\l__xparse_mandatory_args_int=\count143
\l__xparse_v_nesting_int=\count144
)
(/usr/local/texlive/2017/texmf-dist/tex/latex/etoolbox/etoolbox.sty
Package: etoolbox 2017/01/02 v2.4 e-TeX tools for LaTeX (JAW)
\etb@tempcnta=\count145
)
(/usr/local/texlive/2017/texmf-dist/tex/latex/oberdiek/zref-abspage.sty
Package: zref-abspage 2016/05/21 v2.26 Module abspage for zref (HO)

(/usr/local/texlive/2017/texmf-dist/tex/latex/oberdiek/zref-base.sty
Package: zref-base 2016/05/21 v2.26 Module base for zref (HO)

(/usr/local/texlive/2017/texmf-dist/tex/generic/oberdiek/kvdefinekeys.sty
Package: kvdefinekeys 2016/05/16 v1.4 Define keys (HO)
)
(/usr/local/texlive/2017/texmf-dist/tex/generic/oberdiek/pdftexcmds.sty
Package: pdftexcmds 2017/03/19 v0.25 Utility functions of pdfTeX for LuaTeX (HO
)

(/usr/local/texlive/2017/texmf-dist/tex/generic/oberdiek/ifpdf.sty
Package: ifpdf 2017/03/15 v3.2 Provides the ifpdf switch
)
Package pdftexcmds Info: LuaTeX not detected.
Package pdftexcmds Info: \pdf@primitive is available.
Package pdftexcmds Info: \pdf@ifprimitive is available.
Package pdftexcmds Info: \pdfdraftmode found.
)
(/usr/local/texlive/2017/texmf-dist/tex/latex/oberdiek/auxhook.sty
Package: auxhook 2016/05/16 v1.4 Hooks for auxiliary files (HO)
)
Package zref Info: New property list: main on input line 759.
Package zref Info: New property: default on input line 760.
Package zref Info: New property: page on input line 761.
)
(/usr/local/texlive/2017/texmf-dist/tex/generic/oberdiek/atbegshi.sty
Package: atbegshi 2016/06/09 v1.18 At begin shipout hook (HO)
)
\c@abspage=\count146
Package zref Info: New property: abspage on input line 62.
)
(/usr/local/texlive/2017/texmf-dist/tex/latex/needspace/needspace.sty
Package: needspace 2010/09/12 v1.3d reserve vertical space
)
(/usr/local/texlive/2017/texmf-dist/tex/latex/graphics/color.sty
Package: color 2016/07/10 v1.1e Standard LaTeX Color (DPC)

(/usr/local/texlive/2017/texmf-dist/tex/latex/graphics-cfg/color.cfg
File: color.cfg 2016/01/02 v1.6 sample color configuration
)
Package color Info: Driver file: pdftex.def on input line 147.
)
\mdf@templength=\skip57
\c@mdf@globalstyle@cnt=\count147
\mdf@skipabove@length=\skip58
\mdf@skipbelow@length=\skip59
\mdf@leftmargin@length=\skip60
\mdf@rightmargin@length=\skip61
\mdf@innerleftmargin@length=\skip62
\mdf@innerrightmargin@length=\skip63
\mdf@innertopmargin@length=\skip64
\mdf@innerbottommargin@length=\skip65
\mdf@splittopskip@length=\skip66
\mdf@splitbottomskip@length=\skip67
\mdf@outermargin@length=\skip68
\mdf@innermargin@length=\skip69
\mdf@linewidth@length=\skip70
\mdf@innerlinewidth@length=\skip71
\mdf@middlelinewidth@length=\skip72
\mdf@outerlinewidth@length=\skip73
\mdf@roundcorner@length=\skip74
\mdf@footenotedistance@length=\skip75
\mdf@userdefinedwidth@length=\skip76
\mdf@needspace@length=\skip77
\mdf@frametitleaboveskip@length=\skip78
\mdf@frametitlebelowskip@length=\skip79
\mdf@frametitlerulewidth@length=\skip80
\mdf@frametitleleftmargin@length=\skip81
\mdf@frametitlerightmargin@length=\skip82
\mdf@shadowsize@length=\skip83
\mdf@extratopheight@length=\skip84
\mdf@subtitleabovelinewidth@length=\skip85
\mdf@subtitlebelowlinewidth@length=\skip86
\mdf@subtitleaboveskip@length=\skip87
\mdf@subtitlebelowskip@length=\skip88
\mdf@subtitleinneraboveskip@length=\skip89
\mdf@subtitleinnerbelowskip@length=\skip90
\mdf@subsubtitleabovelinewidth@length=\skip91
\mdf@subsubtitlebelowlinewidth@length=\skip92
\mdf@subsubtitleaboveskip@length=\skip93
\mdf@subsubtitlebelowskip@length=\skip94
\mdf@subsubtitleinneraboveskip@length=\skip95
\mdf@subsubtitleinnerbelowskip@length=\skip96

(/usr/local/texlive/2017/texmf-dist/tex/latex/pgf/frontendlayer/tikz.sty
(/usr/local/texlive/2017/texmf-dist/tex/latex/pgf/basiclayer/pgf.sty
(/usr/local/texlive/2017/texmf-dist/tex/latex/pgf/utilities/pgfrcs.sty
(/usr/local/texlive/2017/texmf-dist/tex/generic/pgf/utilities/pgfutil-common.te
x
\pgfutil@everybye=\toks28
\pgfutil@tempdima=\dimen145
\pgfutil@tempdimb=\dimen146

(/usr/local/texlive/2017/texmf-dist/tex/generic/pgf/utilities/pgfutil-common-li
sts.tex))
(/usr/local/texlive/2017/texmf-dist/tex/generic/pgf/utilities/pgfutil-latex.def
\pgfutil@abb=\box44
(/usr/local/texlive/2017/texmf-dist/tex/latex/ms/everyshi.sty
Package: everyshi 2001/05/15 v3.00 EveryShipout Package (MS)
))
(/usr/local/texlive/2017/texmf-dist/tex/generic/pgf/utilities/pgfrcs.code.tex
Package: pgfrcs 2015/08/07 v3.0.1a (rcs-revision 1.31)
))
Package: pgf 2015/08/07 v3.0.1a (rcs-revision 1.15)
(/usr/local/texlive/2017/texmf-dist/tex/latex/pgf/basiclayer/pgfcore.sty
(/usr/local/texlive/2017/texmf-dist/tex/latex/pgf/systemlayer/pgfsys.sty
(/usr/local/texlive/2017/texmf-dist/tex/generic/pgf/systemlayer/pgfsys.code.tex
Package: pgfsys 2014/07/09 v3.0.1a (rcs-revision 1.48)
(/usr/local/texlive/2017/texmf-dist/tex/generic/pgf/utilities/pgfkeys.code.tex
\pgfkeys@pathtoks=\toks29
\pgfkeys@temptoks=\toks30

(/usr/local/texlive/2017/texmf-dist/tex/generic/pgf/utilities/pgfkeysfiltered.c
ode.tex
\pgfkeys@tmptoks=\toks31
))
\pgf@x=\dimen147
\pgf@y=\dimen148
\pgf@xa=\dimen149
\pgf@ya=\dimen150
\pgf@xb=\dimen151
\pgf@yb=\dimen152
\pgf@xc=\dimen153
\pgf@yc=\dimen154
\w@pgf@writea=\write3
\r@pgf@reada=\read1
\c@pgf@counta=\count148
\c@pgf@countb=\count149
\c@pgf@countc=\count150
\c@pgf@countd=\count151
\t@pgf@toka=\toks32
\t@pgf@tokb=\toks33
\t@pgf@tokc=\toks34

(/usr/local/texlive/2017/texmf-dist/tex/generic/pgf/systemlayer/pgf.cfg
File: pgf.cfg 2008/05/14  (rcs-revision 1.7)
)
Driver file for pgf: pgfsys-pdftex.def

(/usr/local/texlive/2017/texmf-dist/tex/generic/pgf/systemlayer/pgfsys-pdftex.d
ef
File: pgfsys-pdftex.def 2014/10/11  (rcs-revision 1.35)

(/usr/local/texlive/2017/texmf-dist/tex/generic/pgf/systemlayer/pgfsys-common-p
df.def
File: pgfsys-common-pdf.def 2013/10/10  (rcs-revision 1.13)
)))
(/usr/local/texlive/2017/texmf-dist/tex/generic/pgf/systemlayer/pgfsyssoftpath.
code.tex
File: pgfsyssoftpath.code.tex 2013/09/09  (rcs-revision 1.9)
\pgfsyssoftpath@smallbuffer@items=\count152
\pgfsyssoftpath@bigbuffer@items=\count153
)
(/usr/local/texlive/2017/texmf-dist/tex/generic/pgf/systemlayer/pgfsysprotocol.
code.tex
File: pgfsysprotocol.code.tex 2006/10/16  (rcs-revision 1.4)
)) (/usr/local/texlive/2017/texmf-dist/tex/latex/xcolor/xcolor.sty
Package: xcolor 2016/05/11 v2.12 LaTeX color extensions (UK)

(/usr/local/texlive/2017/texmf-dist/tex/latex/graphics-cfg/color.cfg
File: color.cfg 2016/01/02 v1.6 sample color configuration
)
Package xcolor Info: Driver file: pdftex.def on input line 225.
LaTeX Info: Redefining \color on input line 709.
Package xcolor Info: Model `cmy' substituted by `cmy0' on input line 1348.
Package xcolor Info: Model `hsb' substituted by `rgb' on input line 1352.
Package xcolor Info: Model `RGB' extended on input line 1364.
Package xcolor Info: Model `HTML' substituted by `rgb' on input line 1366.
Package xcolor Info: Model `Hsb' substituted by `hsb' on input line 1367.
Package xcolor Info: Model `tHsb' substituted by `hsb' on input line 1368.
Package xcolor Info: Model `HSB' substituted by `hsb' on input line 1369.
Package xcolor Info: Model `Gray' substituted by `gray' on input line 1370.
Package xcolor Info: Model `wave' substituted by `hsb' on input line 1371.
)
(/usr/local/texlive/2017/texmf-dist/tex/generic/pgf/basiclayer/pgfcore.code.tex
Package: pgfcore 2010/04/11 v3.0.1a (rcs-revision 1.7)
(/usr/local/texlive/2017/texmf-dist/tex/generic/pgf/math/pgfmath.code.tex
(/usr/local/texlive/2017/texmf-dist/tex/generic/pgf/math/pgfmathcalc.code.tex
(/usr/local/texlive/2017/texmf-dist/tex/generic/pgf/math/pgfmathutil.code.tex)
(/usr/local/texlive/2017/texmf-dist/tex/generic/pgf/math/pgfmathparser.code.tex
\pgfmath@dimen=\dimen155
\pgfmath@count=\count154
\pgfmath@box=\box45
\pgfmath@toks=\toks35
\pgfmath@stack@operand=\toks36
\pgfmath@stack@operation=\toks37
)
(/usr/local/texlive/2017/texmf-dist/tex/generic/pgf/math/pgfmathfunctions.code.
tex
(/usr/local/texlive/2017/texmf-dist/tex/generic/pgf/math/pgfmathfunctions.basic
.code.tex)
(/usr/local/texlive/2017/texmf-dist/tex/generic/pgf/math/pgfmathfunctions.trigo
nometric.code.tex)
(/usr/local/texlive/2017/texmf-dist/tex/generic/pgf/math/pgfmathfunctions.rando
m.code.tex)
(/usr/local/texlive/2017/texmf-dist/tex/generic/pgf/math/pgfmathfunctions.compa
rison.code.tex)
(/usr/local/texlive/2017/texmf-dist/tex/generic/pgf/math/pgfmathfunctions.base.
code.tex)
(/usr/local/texlive/2017/texmf-dist/tex/generic/pgf/math/pgfmathfunctions.round
.code.tex)
(/usr/local/texlive/2017/texmf-dist/tex/generic/pgf/math/pgfmathfunctions.misc.
code.tex)
(/usr/local/texlive/2017/texmf-dist/tex/generic/pgf/math/pgfmathfunctions.integ
erarithmetics.code.tex)))
(/usr/local/texlive/2017/texmf-dist/tex/generic/pgf/math/pgfmathfloat.code.tex
\c@pgfmathroundto@lastzeros=\count155
))
(/usr/local/texlive/2017/texmf-dist/tex/generic/pgf/basiclayer/pgfcorepoints.co
de.tex
File: pgfcorepoints.code.tex 2013/10/07  (rcs-revision 1.27)
\pgf@picminx=\dimen156
\pgf@picmaxx=\dimen157
\pgf@picminy=\dimen158
\pgf@picmaxy=\dimen159
\pgf@pathminx=\dimen160
\pgf@pathmaxx=\dimen161
\pgf@pathminy=\dimen162
\pgf@pathmaxy=\dimen163
\pgf@xx=\dimen164
\pgf@xy=\dimen165
\pgf@yx=\dimen166
\pgf@yy=\dimen167
\pgf@zx=\dimen168
\pgf@zy=\dimen169
)
(/usr/local/texlive/2017/texmf-dist/tex/generic/pgf/basiclayer/pgfcorepathconst
ruct.code.tex
File: pgfcorepathconstruct.code.tex 2013/10/07  (rcs-revision 1.29)
\pgf@path@lastx=\dimen170
\pgf@path@lasty=\dimen171
)
(/usr/local/texlive/2017/texmf-dist/tex/generic/pgf/basiclayer/pgfcorepathusage
.code.tex
File: pgfcorepathusage.code.tex 2014/11/02  (rcs-revision 1.24)
\pgf@shorten@end@additional=\dimen172
\pgf@shorten@start@additional=\dimen173
)
(/usr/local/texlive/2017/texmf-dist/tex/generic/pgf/basiclayer/pgfcorescopes.co
de.tex
File: pgfcorescopes.code.tex 2015/05/08  (rcs-revision 1.46)
\pgfpic=\box46
\pgf@hbox=\box47
\pgf@layerbox@main=\box48
\pgf@picture@serial@count=\count156
)
(/usr/local/texlive/2017/texmf-dist/tex/generic/pgf/basiclayer/pgfcoregraphicst
ate.code.tex
File: pgfcoregraphicstate.code.tex 2014/11/02  (rcs-revision 1.12)
\pgflinewidth=\dimen174
)
(/usr/local/texlive/2017/texmf-dist/tex/generic/pgf/basiclayer/pgfcoretransform
ations.code.tex
File: pgfcoretransformations.code.tex 2015/08/07  (rcs-revision 1.20)
\pgf@pt@x=\dimen175
\pgf@pt@y=\dimen176
\pgf@pt@temp=\dimen177
)
(/usr/local/texlive/2017/texmf-dist/tex/generic/pgf/basiclayer/pgfcorequick.cod
e.tex
File: pgfcorequick.code.tex 2008/10/09  (rcs-revision 1.3)
)
(/usr/local/texlive/2017/texmf-dist/tex/generic/pgf/basiclayer/pgfcoreobjects.c
ode.tex
File: pgfcoreobjects.code.tex 2006/10/11  (rcs-revision 1.2)
)
(/usr/local/texlive/2017/texmf-dist/tex/generic/pgf/basiclayer/pgfcorepathproce
ssing.code.tex
File: pgfcorepathprocessing.code.tex 2013/09/09  (rcs-revision 1.9)
)
(/usr/local/texlive/2017/texmf-dist/tex/generic/pgf/basiclayer/pgfcorearrows.co
de.tex
File: pgfcorearrows.code.tex 2015/05/14  (rcs-revision 1.43)
\pgfarrowsep=\dimen178
)
(/usr/local/texlive/2017/texmf-dist/tex/generic/pgf/basiclayer/pgfcoreshade.cod
e.tex
File: pgfcoreshade.code.tex 2013/07/15  (rcs-revision 1.15)
\pgf@max=\dimen179
\pgf@sys@shading@range@num=\count157
)
(/usr/local/texlive/2017/texmf-dist/tex/generic/pgf/basiclayer/pgfcoreimage.cod
e.tex
File: pgfcoreimage.code.tex 2013/07/15  (rcs-revision 1.18)

(/usr/local/texlive/2017/texmf-dist/tex/generic/pgf/basiclayer/pgfcoreexternal.
code.tex
File: pgfcoreexternal.code.tex 2014/07/09  (rcs-revision 1.21)
\pgfexternal@startupbox=\box49
))
(/usr/local/texlive/2017/texmf-dist/tex/generic/pgf/basiclayer/pgfcorelayers.co
de.tex
File: pgfcorelayers.code.tex 2013/07/18  (rcs-revision 1.7)
)
(/usr/local/texlive/2017/texmf-dist/tex/generic/pgf/basiclayer/pgfcoretranspare
ncy.code.tex
File: pgfcoretransparency.code.tex 2013/09/30  (rcs-revision 1.5)
)
(/usr/local/texlive/2017/texmf-dist/tex/generic/pgf/basiclayer/pgfcorepatterns.
code.tex
File: pgfcorepatterns.code.tex 2013/11/07  (rcs-revision 1.5)
)))
(/usr/local/texlive/2017/texmf-dist/tex/generic/pgf/modules/pgfmoduleshapes.cod
e.tex
File: pgfmoduleshapes.code.tex 2014/03/21  (rcs-revision 1.35)
\pgfnodeparttextbox=\box50
)
(/usr/local/texlive/2017/texmf-dist/tex/generic/pgf/modules/pgfmoduleplot.code.
tex
File: pgfmoduleplot.code.tex 2015/08/03  (rcs-revision 1.13)
)
(/usr/local/texlive/2017/texmf-dist/tex/latex/pgf/compatibility/pgfcomp-version
-0-65.sty
Package: pgfcomp-version-0-65 2007/07/03 v3.0.1a (rcs-revision 1.7)
\pgf@nodesepstart=\dimen180
\pgf@nodesepend=\dimen181
)
(/usr/local/texlive/2017/texmf-dist/tex/latex/pgf/compatibility/pgfcomp-version
-1-18.sty
Package: pgfcomp-version-1-18 2007/07/23 v3.0.1a (rcs-revision 1.1)
))
(/usr/local/texlive/2017/texmf-dist/tex/latex/pgf/utilities/pgffor.sty
(/usr/local/texlive/2017/texmf-dist/tex/latex/pgf/utilities/pgfkeys.sty
(/usr/local/texlive/2017/texmf-dist/tex/generic/pgf/utilities/pgfkeys.code.tex)
) (/usr/local/texlive/2017/texmf-dist/tex/latex/pgf/math/pgfmath.sty
(/usr/local/texlive/2017/texmf-dist/tex/generic/pgf/math/pgfmath.code.tex))
(/usr/local/texlive/2017/texmf-dist/tex/generic/pgf/utilities/pgffor.code.tex
Package: pgffor 2013/12/13 v3.0.1a (rcs-revision 1.25)

(/usr/local/texlive/2017/texmf-dist/tex/generic/pgf/math/pgfmath.code.tex)
\pgffor@iter=\dimen182
\pgffor@skip=\dimen183
\pgffor@stack=\toks38
\pgffor@toks=\toks39
))
(/usr/local/texlive/2017/texmf-dist/tex/generic/pgf/frontendlayer/tikz/tikz.cod
e.tex
Package: tikz 2015/08/07 v3.0.1a (rcs-revision 1.151)

(/usr/local/texlive/2017/texmf-dist/tex/generic/pgf/libraries/pgflibraryplothan
dlers.code.tex
File: pgflibraryplothandlers.code.tex 2013/08/31 v3.0.1a (rcs-revision 1.20)
\pgf@plot@mark@count=\count158
\pgfplotmarksize=\dimen184
)
\tikz@lastx=\dimen185
\tikz@lasty=\dimen186
\tikz@lastxsaved=\dimen187
\tikz@lastysaved=\dimen188
\tikzleveldistance=\dimen189
\tikzsiblingdistance=\dimen190
\tikz@figbox=\box51
\tikz@figbox@bg=\box52
\tikz@tempbox=\box53
\tikz@tempbox@bg=\box54
\tikztreelevel=\count159
\tikznumberofchildren=\count160
\tikznumberofcurrentchild=\count161
\tikz@fig@count=\count162

(/usr/local/texlive/2017/texmf-dist/tex/generic/pgf/modules/pgfmodulematrix.cod
e.tex
File: pgfmodulematrix.code.tex 2013/09/17  (rcs-revision 1.8)
\pgfmatrixcurrentrow=\count163
\pgfmatrixcurrentcolumn=\count164
\pgf@matrix@numberofcolumns=\count165
)
\tikz@expandcount=\count166

(/usr/local/texlive/2017/texmf-dist/tex/generic/pgf/frontendlayer/tikz/librarie
s/tikzlibrarytopaths.code.tex
File: tikzlibrarytopaths.code.tex 2008/06/17 v3.0.1a (rcs-revision 1.2)
)))
(/usr/local/texlive/2017/texmf-dist/tex/latex/mdframed/md-frame-1.mdf
File: md-frame-1.mdf 2013/07/01\ 1.9b: md-frame-1
)
\mdf@frametitlebox=\box55
\mdf@footnotebox=\box56
\mdf@splitbox@one=\box57
\mdf@splitbox@two=\box58
\mdf@splitbox@save=\box59
\mdfsplitboxwidth=\skip97
\mdfsplitboxtotalwidth=\skip98
\mdfsplitboxheight=\skip99
\mdfsplitboxdepth=\skip100
\mdfsplitboxtotalheight=\skip101
\mdfframetitleboxwidth=\skip102
\mdfframetitleboxtotalwidth=\skip103
\mdfframetitleboxheight=\skip104
\mdfframetitleboxdepth=\skip105
\mdfframetitleboxtotalheight=\skip106
\mdffootnoteboxwidth=\skip107
\mdffootnoteboxtotalwidth=\skip108
\mdffootnoteboxheight=\skip109
\mdffootnoteboxdepth=\skip110
\mdffootnoteboxtotalheight=\skip111
\mdftotallinewidth=\skip112
\mdfboundingboxwidth=\skip113
\mdfboundingboxtotalwidth=\skip114
\mdfboundingboxheight=\skip115
\mdfboundingboxdepth=\skip116
\mdfboundingboxtotalheight=\skip117
\mdf@freevspace@length=\skip118
\mdf@horizontalwidthofbox@length=\skip119
\mdf@verticalmarginwhole@length=\skip120
\mdf@horizontalspaceofbox=\skip121
\mdfsubtitleheight=\skip122
\mdfsubsubtitleheight=\skip123
\c@mdfcountframes=\count167

****** mdframed patching \endmdf@trivlist

****** -- success******

.................................................
. LaTeX info: "xparse/define-command"
. 
. Defining command \newmdtheoremenv with sig. 'O{} m o m o ' on line 601.
.................................................
.................................................
. LaTeX info: "xparse/define-command"
. 
. Defining command \mdtheorem with sig. ' O{} m o m o ' on line 701.
.................................................
\mdf@envdepth=\count168
\c@mdf@env@i=\count169
\c@mdf@env@ii=\count170
\c@mdf@zref@counter=\count171
Package zref Info: New property: mdf@pagevalue on input line 895.
)
(/usr/local/texlive/2017/texmf-dist/tex/latex/natbib/natbib.sty
Package: natbib 2010/09/13 8.31b (PWD, AO)
\bibhang=\skip124
\bibsep=\skip125
LaTeX Info: Redefining \cite on input line 694.
\c@NAT@ctr=\count172
)
(/usr/local/texlive/2017/texmf-dist/tex/latex/caption/subcaption.sty
Package: subcaption 2016/05/22 v1.1-161 Sub-captions (AR)

(/usr/local/texlive/2017/texmf-dist/tex/latex/caption/caption.sty
Package: caption 2016/02/21 v3.3-144 Customizing captions (AR)

(/usr/local/texlive/2017/texmf-dist/tex/latex/caption/caption3.sty
Package: caption3 2016/05/22 v1.7-166 caption3 kernel (AR)
Package caption3 Info: TeX engine: e-TeX on input line 67.
\captionmargin=\dimen191
\captionmargin@=\dimen192
\captionwidth=\dimen193
\caption@tempdima=\dimen194
\caption@indent=\dimen195
\caption@parindent=\dimen196
\caption@hangindent=\dimen197
)
\c@ContinuedFloat=\count173
)
\c@subfigure=\count174
\c@subtable=\count175
)
(/usr/local/texlive/2017/texmf-dist/tex/latex/epigraph/epigraph.sty
Package: epigraph 2009/09/02 v1.5c typesetting epigraphs
\beforeepigraphskip=\skip126
\afterepigraphskip=\skip127
\epigraphwidth=\skip128
\epigraphrule=\skip129
)
(/usr/local/texlive/2017/texmf-dist/tex/latex/float/float.sty
Package: float 2001/11/08 v1.3d Float enhancements (AL)
\c@float@type=\count176
\float@exts=\toks40
\float@box=\box60
\@float@everytoks=\toks41
\@floatcapt=\box61
)
(/usr/local/texlive/2017/texmf-dist/tex/latex/hyperref/hyperref.sty
Package: hyperref 2017/03/14 v6.85a Hypertext links for LaTeX

(/usr/local/texlive/2017/texmf-dist/tex/generic/oberdiek/hobsub-hyperref.sty
Package: hobsub-hyperref 2016/05/16 v1.14 Bundle oberdiek, subset hyperref (HO)


(/usr/local/texlive/2017/texmf-dist/tex/generic/oberdiek/hobsub-generic.sty
Package: hobsub-generic 2016/05/16 v1.14 Bundle oberdiek, subset generic (HO)
Package: hobsub 2016/05/16 v1.14 Construct package bundles (HO)
Package hobsub Info: Skipping package `infwarerr' (already loaded).
Package hobsub Info: Skipping package `ltxcmds' (already loaded).
Package hobsub Info: Skipping package `ifluatex' (already loaded).
Package: ifvtex 2016/05/16 v1.6 Detect VTeX and its facilities (HO)
Package ifvtex Info: VTeX not detected.
Package: intcalc 2016/05/16 v1.2 Expandable calculations with integers (HO)
Package hobsub Info: Skipping package `ifpdf' (already loaded).
Package hobsub Info: Skipping package `etexcmds' (already loaded).
Package hobsub Info: Skipping package `kvsetkeys' (already loaded).
Package hobsub Info: Skipping package `kvdefinekeys' (already loaded).
Package hobsub Info: Skipping package `pdftexcmds' (already loaded).
Package: pdfescape 2016/05/16 v1.14 Implements pdfTeX's escape features (HO)
Package: bigintcalc 2016/05/16 v1.4 Expandable calculations on big integers (HO
)
Package: bitset 2016/05/16 v1.2 Handle bit-vector datatype (HO)
Package: uniquecounter 2016/05/16 v1.3 Provide unlimited unique counter (HO)
)
Package hobsub Info: Skipping package `hobsub' (already loaded).
Package: letltxmacro 2016/05/16 v1.5 Let assignment for LaTeX macros (HO)
Package: hopatch 2016/05/16 v1.3 Wrapper for package hooks (HO)
Package: xcolor-patch 2016/05/16 xcolor patch
Package: atveryend 2016/05/16 v1.9 Hooks at the very end of document (HO)
Package hobsub Info: Skipping package `atbegshi' (already loaded).
Package: refcount 2016/05/16 v3.5 Data extraction from label references (HO)
Package: hycolor 2016/05/16 v1.8 Color options for hyperref/bookmark (HO)
)
(/usr/local/texlive/2017/texmf-dist/tex/generic/ifxetex/ifxetex.sty
Package: ifxetex 2010/09/12 v0.6 Provides ifxetex conditional
)
\@linkdim=\dimen198
\Hy@linkcounter=\count177
\Hy@pagecounter=\count178

(/usr/local/texlive/2017/texmf-dist/tex/latex/hyperref/pd1enc.def
File: pd1enc.def 2017/03/14 v6.85a Hyperref: PDFDocEncoding definition (HO)
Now handling font encoding PD1 ...
... no UTF-8 mapping file for font encoding PD1
)
\Hy@SavedSpaceFactor=\count179

(/usr/local/texlive/2017/texmf-dist/tex/latex/latexconfig/hyperref.cfg
File: hyperref.cfg 2002/06/06 v1.2 hyperref configuration of TeXLive
)
Package hyperref Info: Hyper figures OFF on input line 4498.
Package hyperref Info: Link nesting OFF on input line 4503.
Package hyperref Info: Hyper index ON on input line 4506.
Package hyperref Info: Plain pages OFF on input line 4513.
Package hyperref Info: Backreferencing OFF on input line 4518.
Package hyperref Info: Implicit mode ON; LaTeX internals redefined.
Package hyperref Info: Bookmarks ON on input line 4751.
\c@Hy@tempcnt=\count180

(/usr/local/texlive/2017/texmf-dist/tex/latex/url/url.sty
\Urlmuskip=\muskip17
Package: url 2013/09/16  ver 3.4  Verb mode for urls, etc.
)
LaTeX Info: Redefining \url on input line 5104.
\XeTeXLinkMargin=\dimen199
\Fld@menulength=\count181
\Field@Width=\dimen256
\Fld@charsize=\dimen257
Package hyperref Info: Hyper figures OFF on input line 6358.
Package hyperref Info: Link nesting OFF on input line 6363.
Package hyperref Info: Hyper index ON on input line 6366.
Package hyperref Info: backreferencing OFF on input line 6373.
Package hyperref Info: Link coloring OFF on input line 6378.
Package hyperref Info: Link coloring with OCG OFF on input line 6383.
Package hyperref Info: PDF/A mode OFF on input line 6388.
LaTeX Info: Redefining \ref on input line 6428.
LaTeX Info: Redefining \pageref on input line 6432.
\Hy@abspage=\count182
\c@Item=\count183
\c@Hfootnote=\count184
)

Package hyperref Message: Driver (autodetected): hpdftex.

(/usr/local/texlive/2017/texmf-dist/tex/latex/hyperref/hpdftex.def
File: hpdftex.def 2017/03/14 v6.85a Hyperref driver for pdfTeX
\HyAnn@Count=\count185
\Fld@listcount=\count186
\c@bookmark@seq@number=\count187

(/usr/local/texlive/2017/texmf-dist/tex/latex/oberdiek/rerunfilecheck.sty
Package: rerunfilecheck 2016/05/16 v1.8 Rerun checks for auxiliary files (HO)
Package uniquecounter Info: New unique counter `rerunfilecheck' on input line 2
82.
)
\Hy@SectionHShift=\skip130
)
(/usr/local/texlive/2017/texmf-dist/tex/generic/pgf/frontendlayer/tikz/librarie
s/tikzlibrarycalc.code.tex
File: tikzlibrarycalc.code.tex 2013/07/15 v3.0.1a (rcs-revision 1.9)
)
(/usr/local/texlive/2017/texmf-dist/tex/generic/pgf/frontendlayer/tikz/librarie
s/tikzlibraryshapes.code.tex
File: tikzlibraryshapes.code.tex 2008/01/09 v3.0.1a (rcs-revision 1.1)

(/usr/local/texlive/2017/texmf-dist/tex/generic/pgf/frontendlayer/tikz/librarie
s/tikzlibraryshapes.geometric.code.tex
File: tikzlibraryshapes.geometric.code.tex 2008/01/09 v3.0.1a (rcs-revision 1.1
)

(/usr/local/texlive/2017/texmf-dist/tex/generic/pgf/libraries/shapes/pgflibrary
shapes.geometric.code.tex
File: pgflibraryshapes.geometric.code.tex 2008/06/26 v3.0.1a (rcs-revision 1.1)

))
(/usr/local/texlive/2017/texmf-dist/tex/generic/pgf/frontendlayer/tikz/librarie
s/tikzlibraryshapes.misc.code.tex
File: tikzlibraryshapes.misc.code.tex 2008/01/09 v3.0.1a (rcs-revision 1.1)

(/usr/local/texlive/2017/texmf-dist/tex/generic/pgf/libraries/shapes/pgflibrary
shapes.misc.code.tex
File: pgflibraryshapes.misc.code.tex 2013/07/18 v3.0.1a (rcs-revision 1.5)
))
(/usr/local/texlive/2017/texmf-dist/tex/generic/pgf/frontendlayer/tikz/librarie
s/tikzlibraryshapes.symbols.code.tex
File: tikzlibraryshapes.symbols.code.tex 2008/01/09 v3.0.1a (rcs-revision 1.1)

(/usr/local/texlive/2017/texmf-dist/tex/generic/pgf/libraries/shapes/pgflibrary
shapes.symbols.code.tex
File: pgflibraryshapes.symbols.code.tex 2013/09/11 v3.0.1a (rcs-revision 1.6)
))
(/usr/local/texlive/2017/texmf-dist/tex/generic/pgf/frontendlayer/tikz/librarie
s/tikzlibraryshapes.arrows.code.tex
File: tikzlibraryshapes.arrows.code.tex 2008/01/09 v3.0.1a (rcs-revision 1.1)

(/usr/local/texlive/2017/texmf-dist/tex/generic/pgf/libraries/shapes/pgflibrary
shapes.arrows.code.tex
File: pgflibraryshapes.arrows.code.tex 2008/06/26 v3.0.1a (rcs-revision 1.1)
))
(/usr/local/texlive/2017/texmf-dist/tex/generic/pgf/frontendlayer/tikz/librarie
s/tikzlibraryshapes.callouts.code.tex
(/usr/local/texlive/2017/texmf-dist/tex/generic/pgf/libraries/shapes/pgflibrary
shapes.callouts.code.tex))
(/usr/local/texlive/2017/texmf-dist/tex/generic/pgf/frontendlayer/tikz/librarie
s/tikzlibraryshapes.multipart.code.tex
File: tikzlibraryshapes.multipart.code.tex 2008/01/09 v3.0.1a (rcs-revision 1.1
)

(/usr/local/texlive/2017/texmf-dist/tex/generic/pgf/libraries/shapes/pgflibrary
shapes.multipart.code.tex
File: pgflibraryshapes.multipart.code.tex 2010/01/07 v3.0.1a (rcs-revision 1.2)

\pgfnodepartlowerbox=\box62
\pgfnodeparttwobox=\box63
\pgfnodepartthreebox=\box64
\pgfnodepartfourbox=\box65
\pgfnodeparttwentybox=\box66
\pgfnodepartnineteenbox=\box67
\pgfnodeparteighteenbox=\box68
\pgfnodepartseventeenbox=\box69
\pgfnodepartsixteenbox=\box70
\pgfnodepartfifteenbox=\box71
\pgfnodepartfourteenbox=\box72
\pgfnodepartthirteenbox=\box73
\pgfnodeparttwelvebox=\box74
\pgfnodepartelevenbox=\box75
\pgfnodeparttenbox=\box76
\pgfnodepartninebox=\box77
\pgfnodeparteightbox=\box78
\pgfnodepartsevenbox=\box79
\pgfnodepartsixbox=\box80
\pgfnodepartfivebox=\box81
)))
(/usr/local/texlive/2017/texmf-dist/tex/generic/pgf/frontendlayer/tikz/librarie
s/tikzlibrarypositioning.code.tex
File: tikzlibrarypositioning.code.tex 2008/10/06 v3.0.1a (rcs-revision 1.7)
)
\c@relationship=\count188
 (./conv_arithmetic.aux)
\openout1 = `conv_arithmetic.aux'.

LaTeX Font Info:    Checking defaults for OML/cmm/m/it on input line 61.
LaTeX Font Info:    ... okay on input line 61.
LaTeX Font Info:    Checking defaults for T1/cmr/m/n on input line 61.
LaTeX Font Info:    ... okay on input line 61.
LaTeX Font Info:    Checking defaults for OT1/cmr/m/n on input line 61.
LaTeX Font Info:    ... okay on input line 61.
LaTeX Font Info:    Checking defaults for OMS/cmsy/m/n on input line 61.
LaTeX Font Info:    ... okay on input line 61.
LaTeX Font Info:    Checking defaults for OMX/cmex/m/n on input line 61.
LaTeX Font Info:    ... okay on input line 61.
LaTeX Font Info:    Checking defaults for U/cmr/m/n on input line 61.
LaTeX Font Info:    ... okay on input line 61.
LaTeX Font Info:    Checking defaults for PD1/pdf/m/n on input line 61.
LaTeX Font Info:    ... okay on input line 61.

(/usr/local/texlive/2017/texmf-dist/tex/context/base/mkii/supp-pdf.mkii
[Loading MPS to PDF converter (version 2006.09.02).]
\scratchcounter=\count189
\scratchdimen=\dimen258
\scratchbox=\box82
\nofMPsegments=\count190
\nofMParguments=\count191
\everyMPshowfont=\toks42
\MPscratchCnt=\count192
\MPscratchDim=\dimen259
\MPnumerator=\count193
\makeMPintoPDFobject=\count194
\everyMPtoPDFconversion=\toks43
) (/usr/local/texlive/2017/texmf-dist/tex/latex/oberdiek/epstopdf-base.sty
Package: epstopdf-base 2016/05/15 v2.6 Base part for package epstopdf

(/usr/local/texlive/2017/texmf-dist/tex/latex/oberdiek/grfext.sty
Package: grfext 2016/05/16 v1.2 Manage graphics extensions (HO)
)
Package epstopdf-base Info: Redefining graphics rule for `.eps' on input line 4
38.
Package grfext Info: Graphics extension search list:
(grfext)             [.png,.pdf,.jpg,.mps,.jpeg,.jbig2,.jb2,.PNG,.PDF,.JPG,.JPE
G,.JBIG2,.JB2,.eps]
(grfext)             \AppendGraphicsExtensions on input line 456.

(/usr/local/texlive/2017/texmf-dist/tex/latex/latexconfig/epstopdf-sys.cfg
File: epstopdf-sys.cfg 2010/07/13 v1.3 Configuration of (r)epstopdf for TeX Liv
e
))
\AtBeginShipoutBox=\box83

ABD: EveryShipout initializing macros
Package caption Info: Begin \AtBeginDocument code.
Package caption Info: float package is loaded.
Package caption Info: hyperref package is loaded.
Package caption Info: End \AtBeginDocument code.
Package hyperref Info: Link coloring OFF on input line 61.

(/usr/local/texlive/2017/texmf-dist/tex/latex/hyperref/nameref.sty
Package: nameref 2016/05/21 v2.44 Cross-referencing by name of section

(/usr/local/texlive/2017/texmf-dist/tex/generic/oberdiek/gettitlestring.sty
Package: gettitlestring 2016/05/16 v1.5 Cleanup title references (HO)
)
\c@section@level=\count195
)
LaTeX Info: Redefining \ref on input line 61.
LaTeX Info: Redefining \pageref on input line 61.
LaTeX Info: Redefining \nameref on input line 61.

(./conv_arithmetic.out) (./conv_arithmetic.out)
\@outlinefile=\write4
\openout4 = `conv_arithmetic.out'.

LaTeX Font Info:    Try loading font information for U+msa on input line 64.

(/usr/local/texlive/2017/texmf-dist/tex/latex/amsfonts/umsa.fd
File: umsa.fd 2013/01/14 v3.01 AMS symbols A
)
LaTeX Font Info:    Try loading font information for U+msb on input line 64.

(/usr/local/texlive/2017/texmf-dist/tex/latex/amsfonts/umsb.fd
File: umsb.fd 2013/01/14 v3.01 AMS symbols B
) [1

{/usr/local/texlive/2017/texmf-var/fonts/map/pdftex/updmap/pdftex.map}] [2

]
LaTeX Font Info:    Try loading font information for T1+cmtt on input line 79.

(/usr/local/texlive/2017/texmf-dist/tex/latex/base/t1cmtt.fd
File: t1cmtt.fd 2014/09/29 v2.5h Standard LaTeX font definitions
) [3

]
(./conv_arithmetic.toc)
\tf@toc=\write5
\openout5 = `conv_arithmetic.toc'.

 [4

]
Chapter 1.

Package natbib Warning: Citation `le1997reading' on page 5 undefined on input l
ine 106.


Package natbib Warning: Citation `krizhevsky2012imagenet' on page 5 undefined o
n input line 109.


Package natbib Warning: Citation `zeiler2011adaptive' on page 5 undefined on in
put line 122.


Package natbib Warning: Citation `zeiler2014visualizing' on page 5 undefined on
 input line 122.


Package natbib Warning: Citation `long2015fully' on page 5 undefined on input l
ine 122.


Package natbib Warning: Citation `radford2015unsupervised' on page 5 undefined 
on input line 122.


Package natbib Warning: Citation `visin15' on page 5 undefined on input line 12
2.


Package natbib Warning: Citation `im2016generating' on page 5 undefined on inpu
t line 122.


Overfull \hbox (1.97696pt too wide) in paragraph at lines 131--134
[]\T1/cmr/m/n/10 Provide an in-tu-itive un-der-stand-ing of the re-la-tion-ship
 be-tween in-put shape,
 []


Package natbib Warning: Citation `bergstra2010theano' on page 5 undefined on in
put line 139.


Package natbib Warning: Citation `bastien2012theano' on page 5 undefined on inp
ut line 139.


Package natbib Warning: Citation `collobert2011torch7' on page 5 undefined on i
nput line 139.


Package natbib Warning: Citation `abaditensorflow' on page 5 undefined on input
 line 140.


Package natbib Warning: Citation `jia2014caffe' on page 5 undefined on input li
ne 140.


Package natbib Warning: Citation `Goodfellow-et-al-2016-Book' on page 5 undefin
ed on input line 144.

[5

]
LaTeX Font Info:    Try loading font information for OMS+cmr on input line 160.

 (/usr/local/texlive/2017/texmf-dist/tex/latex/base/omscmr.fd
File: omscmr.fd 2014/09/29 v2.5h Standard LaTeX font definitions
)
LaTeX Font Info:    Font shape `OMS/cmr/m/n' in size <10> not available
(Font)              Font shape `OMS/cmsy/m/n' tried instead on input line 160.

<pdf/numerical_no_padding_no_strides_00.pdf, id=165, 162.26422pt x 105.35861pt>
File: pdf/numerical_no_padding_no_strides_00.pdf Graphic file (type pdf)
<use pdf/numerical_no_padding_no_strides_00.pdf>
Package pdftex.def Info: pdf/numerical_no_padding_no_strides_00.pdf used on inp
ut line 207.
(pdftex.def)             Requested size: 110.40253pt x 71.68631pt.

<pdf/numerical_no_padding_no_strides_01.pdf, id=166, 162.26422pt x 105.35861pt>
File: pdf/numerical_no_padding_no_strides_01.pdf Graphic file (type pdf)
<use pdf/numerical_no_padding_no_strides_01.pdf>
Package pdftex.def Info: pdf/numerical_no_padding_no_strides_01.pdf used on inp
ut line 208.
(pdftex.def)             Requested size: 110.40253pt x 71.68631pt.

<pdf/numerical_no_padding_no_strides_02.pdf, id=167, 162.26422pt x 105.35861pt>
File: pdf/numerical_no_padding_no_strides_02.pdf Graphic file (type pdf)
<use pdf/numerical_no_padding_no_strides_02.pdf>
Package pdftex.def Info: pdf/numerical_no_padding_no_strides_02.pdf used on inp
ut line 209.
(pdftex.def)             Requested size: 110.40253pt x 71.68631pt.

<pdf/numerical_no_padding_no_strides_03.pdf, id=168, 162.26422pt x 105.35861pt>
File: pdf/numerical_no_padding_no_strides_03.pdf Graphic file (type pdf)
<use pdf/numerical_no_padding_no_strides_03.pdf>
Package pdftex.def Info: pdf/numerical_no_padding_no_strides_03.pdf used on inp
ut line 210.
(pdftex.def)             Requested size: 110.40253pt x 71.68631pt.

<pdf/numerical_no_padding_no_strides_04.pdf, id=169, 162.26422pt x 105.35861pt>
File: pdf/numerical_no_padding_no_strides_04.pdf Graphic file (type pdf)
<use pdf/numerical_no_padding_no_strides_04.pdf>
Package pdftex.def Info: pdf/numerical_no_padding_no_strides_04.pdf used on inp
ut line 211.
(pdftex.def)             Requested size: 110.40253pt x 71.68631pt.

<pdf/numerical_no_padding_no_strides_05.pdf, id=170, 162.26422pt x 105.35861pt>
File: pdf/numerical_no_padding_no_strides_05.pdf Graphic file (type pdf)
<use pdf/numerical_no_padding_no_strides_05.pdf>
Package pdftex.def Info: pdf/numerical_no_padding_no_strides_05.pdf used on inp
ut line 212.
(pdftex.def)             Requested size: 110.40253pt x 71.68631pt.

<pdf/numerical_no_padding_no_strides_06.pdf, id=171, 162.26422pt x 109.62657pt>
File: pdf/numerical_no_padding_no_strides_06.pdf Graphic file (type pdf)
<use pdf/numerical_no_padding_no_strides_06.pdf>
Package pdftex.def Info: pdf/numerical_no_padding_no_strides_06.pdf used on inp
ut line 213.
(pdftex.def)             Requested size: 110.40253pt x 74.59024pt.

<pdf/numerical_no_padding_no_strides_07.pdf, id=172, 162.26422pt x 109.62657pt>
File: pdf/numerical_no_padding_no_strides_07.pdf Graphic file (type pdf)
<use pdf/numerical_no_padding_no_strides_07.pdf>
Package pdftex.def Info: pdf/numerical_no_padding_no_strides_07.pdf used on inp
ut line 214.
(pdftex.def)             Requested size: 110.40253pt x 74.59024pt.

<pdf/numerical_no_padding_no_strides_08.pdf, id=173, 162.26422pt x 109.62657pt>
File: pdf/numerical_no_padding_no_strides_08.pdf Graphic file (type pdf)
<use pdf/numerical_no_padding_no_strides_08.pdf>
Package pdftex.def Info: pdf/numerical_no_padding_no_strides_08.pdf used on inp
ut line 215.
(pdftex.def)             Requested size: 110.40253pt x 74.59024pt.

<pdf/numerical_padding_strides_00.pdf, id=174, 190.7165pt x 133.81093pt>
File: pdf/numerical_padding_strides_00.pdf Graphic file (type pdf)

<use pdf/numerical_padding_strides_00.pdf>
Package pdftex.def Info: pdf/numerical_padding_strides_00.pdf used on input lin
e 222.
(pdftex.def)             Requested size: 110.40253pt x 77.46133pt.

<pdf/numerical_padding_strides_01.pdf, id=175, 190.7165pt x 133.81093pt>
File: pdf/numerical_padding_strides_01.pdf Graphic file (type pdf)

<use pdf/numerical_padding_strides_01.pdf>
Package pdftex.def Info: pdf/numerical_padding_strides_01.pdf used on input lin
e 223.
(pdftex.def)             Requested size: 110.40253pt x 77.46133pt.

<pdf/numerical_padding_strides_02.pdf, id=176, 190.7165pt x 133.81093pt>
File: pdf/numerical_padding_strides_02.pdf Graphic file (type pdf)

<use pdf/numerical_padding_strides_02.pdf>
Package pdftex.def Info: pdf/numerical_padding_strides_02.pdf used on input lin
e 224.
(pdftex.def)             Requested size: 110.40253pt x 77.46133pt.

<pdf/numerical_padding_strides_03.pdf, id=177, 190.7165pt x 133.81093pt>
File: pdf/numerical_padding_strides_03.pdf Graphic file (type pdf)

<use pdf/numerical_padding_strides_03.pdf>
Package pdftex.def Info: pdf/numerical_padding_strides_03.pdf used on input lin
e 225.
(pdftex.def)             Requested size: 110.40253pt x 77.46133pt.

<pdf/numerical_padding_strides_04.pdf, id=178, 190.7165pt x 133.81093pt>
File: pdf/numerical_padding_strides_04.pdf Graphic file (type pdf)

<use pdf/numerical_padding_strides_04.pdf>
Package pdftex.def Info: pdf/numerical_padding_strides_04.pdf used on input lin
e 226.
(pdftex.def)             Requested size: 110.40253pt x 77.46133pt.

<pdf/numerical_padding_strides_05.pdf, id=179, 190.7165pt x 133.81093pt>
File: pdf/numerical_padding_strides_05.pdf Graphic file (type pdf)

<use pdf/numerical_padding_strides_05.pdf>
Package pdftex.def Info: pdf/numerical_padding_strides_05.pdf used on input lin
e 227.
(pdftex.def)             Requested size: 110.40253pt x 77.46133pt.

<pdf/numerical_padding_strides_06.pdf, id=180, 190.7165pt x 138.07886pt>
File: pdf/numerical_padding_strides_06.pdf Graphic file (type pdf)

<use pdf/numerical_padding_strides_06.pdf>
Package pdftex.def Info: pdf/numerical_padding_strides_06.pdf used on input lin
e 228.
(pdftex.def)             Requested size: 110.40253pt x 79.93198pt.

<pdf/numerical_padding_strides_07.pdf, id=181, 190.7165pt x 138.07886pt>
File: pdf/numerical_padding_strides_07.pdf Graphic file (type pdf)

<use pdf/numerical_padding_strides_07.pdf>
Package pdftex.def Info: pdf/numerical_padding_strides_07.pdf used on input lin
e 229.
(pdftex.def)             Requested size: 110.40253pt x 79.93198pt.

<pdf/numerical_padding_strides_08.pdf, id=182, 190.7165pt x 138.07886pt>
File: pdf/numerical_padding_strides_08.pdf Graphic file (type pdf)

<use pdf/numerical_padding_strides_08.pdf>
Package pdftex.def Info: pdf/numerical_padding_strides_08.pdf used on input lin
e 230.
(pdftex.def)             Requested size: 110.40253pt x 79.93198pt.
 [6] [7 <./pdf/numerical_no_padding_no_strides_00.pdf> <./pdf/numerical_no_padd
ing_no_strides_01.pdf> <./pdf/numerical_no_padding_no_strides_02.pdf> <./pdf/nu
merical_no_padding_no_strides_03.pdf> <./pdf/numerical_no_padding_no_strides_04
.pdf> <./pdf/numerical_no_padding_no_strides_05.pdf> <./pdf/numerical_no_paddin
g_no_strides_06.pdf> <./pdf/numerical_no_padding_no_strides_07.pdf> <./pdf/nume
rical_no_padding_no_strides_08.pdf> <./pdf/numerical_padding_strides_00.pdf> <.
/pdf/numerical_padding_strides_01.pdf> <./pdf/numerical_padding_strides_02.pdf>
 <./pdf/numerical_padding_strides_03.pdf> <./pdf/numerical_padding_strides_04.p
df> <./pdf/numerical_padding_strides_05.pdf> <./pdf/numerical_padding_strides_0
6.pdf> <./pdf/numerical_padding_strides_07.pdf> <./pdf/numerical_padding_stride
s_08.pdf>] [8] [9]
<pdf/numerical_average_pooling_00.pdf, id=356, 162.26422pt x 105.35861pt>
File: pdf/numerical_average_pooling_00.pdf Graphic file (type pdf)

<use pdf/numerical_average_pooling_00.pdf>
Package pdftex.def Info: pdf/numerical_average_pooling_00.pdf used on input lin
e 425.
(pdftex.def)             Requested size: 110.40253pt x 71.68631pt.

<pdf/numerical_average_pooling_01.pdf, id=357, 162.26422pt x 105.35861pt>
File: pdf/numerical_average_pooling_01.pdf Graphic file (type pdf)

<use pdf/numerical_average_pooling_01.pdf>
Package pdftex.def Info: pdf/numerical_average_pooling_01.pdf used on input lin
e 426.
(pdftex.def)             Requested size: 110.40253pt x 71.68631pt.

<pdf/numerical_average_pooling_02.pdf, id=358, 162.26422pt x 105.35861pt>
File: pdf/numerical_average_pooling_02.pdf Graphic file (type pdf)

<use pdf/numerical_average_pooling_02.pdf>
Package pdftex.def Info: pdf/numerical_average_pooling_02.pdf used on input lin
e 427.
(pdftex.def)             Requested size: 110.40253pt x 71.68631pt.

<pdf/numerical_average_pooling_03.pdf, id=359, 162.26422pt x 105.35861pt>
File: pdf/numerical_average_pooling_03.pdf Graphic file (type pdf)

<use pdf/numerical_average_pooling_03.pdf>
Package pdftex.def Info: pdf/numerical_average_pooling_03.pdf used on input lin
e 428.
(pdftex.def)             Requested size: 110.40253pt x 71.68631pt.

<pdf/numerical_average_pooling_04.pdf, id=360, 162.26422pt x 105.35861pt>
File: pdf/numerical_average_pooling_04.pdf Graphic file (type pdf)

<use pdf/numerical_average_pooling_04.pdf>
Package pdftex.def Info: pdf/numerical_average_pooling_04.pdf used on input lin
e 429.
(pdftex.def)             Requested size: 110.40253pt x 71.68631pt.

<pdf/numerical_average_pooling_05.pdf, id=361, 162.26422pt x 105.35861pt>
File: pdf/numerical_average_pooling_05.pdf Graphic file (type pdf)

<use pdf/numerical_average_pooling_05.pdf>
Package pdftex.def Info: pdf/numerical_average_pooling_05.pdf used on input lin
e 430.
(pdftex.def)             Requested size: 110.40253pt x 71.68631pt.

<pdf/numerical_average_pooling_06.pdf, id=362, 162.26422pt x 105.35861pt>
File: pdf/numerical_average_pooling_06.pdf Graphic file (type pdf)

<use pdf/numerical_average_pooling_06.pdf>
Package pdftex.def Info: pdf/numerical_average_pooling_06.pdf used on input lin
e 431.
(pdftex.def)             Requested size: 110.40253pt x 71.68631pt.

<pdf/numerical_average_pooling_07.pdf, id=363, 162.26422pt x 105.35861pt>
File: pdf/numerical_average_pooling_07.pdf Graphic file (type pdf)

<use pdf/numerical_average_pooling_07.pdf>
Package pdftex.def Info: pdf/numerical_average_pooling_07.pdf used on input lin
e 432.
(pdftex.def)             Requested size: 110.40253pt x 71.68631pt.

<pdf/numerical_average_pooling_08.pdf, id=364, 162.26422pt x 105.35861pt>
File: pdf/numerical_average_pooling_08.pdf Graphic file (type pdf)

<use pdf/numerical_average_pooling_08.pdf>
Package pdftex.def Info: pdf/numerical_average_pooling_08.pdf used on input lin
e 433.
(pdftex.def)             Requested size: 110.40253pt x 71.68631pt.

<pdf/numerical_max_pooling_00.pdf, id=365, 162.26422pt x 105.35861pt>
File: pdf/numerical_max_pooling_00.pdf Graphic file (type pdf)

<use pdf/numerical_max_pooling_00.pdf>
Package pdftex.def Info: pdf/numerical_max_pooling_00.pdf used on input line 44
1.
(pdftex.def)             Requested size: 110.40253pt x 71.68631pt.

<pdf/numerical_max_pooling_01.pdf, id=366, 162.26422pt x 105.35861pt>
File: pdf/numerical_max_pooling_01.pdf Graphic file (type pdf)

<use pdf/numerical_max_pooling_01.pdf>
Package pdftex.def Info: pdf/numerical_max_pooling_01.pdf used on input line 44
2.
(pdftex.def)             Requested size: 110.40253pt x 71.68631pt.

<pdf/numerical_max_pooling_02.pdf, id=367, 162.26422pt x 105.35861pt>
File: pdf/numerical_max_pooling_02.pdf Graphic file (type pdf)

<use pdf/numerical_max_pooling_02.pdf>
Package pdftex.def Info: pdf/numerical_max_pooling_02.pdf used on input line 44
3.
(pdftex.def)             Requested size: 110.40253pt x 71.68631pt.

<pdf/numerical_max_pooling_03.pdf, id=368, 162.26422pt x 105.35861pt>
File: pdf/numerical_max_pooling_03.pdf Graphic file (type pdf)

<use pdf/numerical_max_pooling_03.pdf>
Package pdftex.def Info: pdf/numerical_max_pooling_03.pdf used on input line 44
4.
(pdftex.def)             Requested size: 110.40253pt x 71.68631pt.

<pdf/numerical_max_pooling_04.pdf, id=369, 162.26422pt x 105.35861pt>
File: pdf/numerical_max_pooling_04.pdf Graphic file (type pdf)

<use pdf/numerical_max_pooling_04.pdf>
Package pdftex.def Info: pdf/numerical_max_pooling_04.pdf used on input line 44
5.
(pdftex.def)             Requested size: 110.40253pt x 71.68631pt.

<pdf/numerical_max_pooling_05.pdf, id=370, 162.26422pt x 105.35861pt>
File: pdf/numerical_max_pooling_05.pdf Graphic file (type pdf)

<use pdf/numerical_max_pooling_05.pdf>
Package pdftex.def Info: pdf/numerical_max_pooling_05.pdf used on input line 44
6.
(pdftex.def)             Requested size: 110.40253pt x 71.68631pt.

<pdf/numerical_max_pooling_06.pdf, id=371, 162.26422pt x 105.35861pt>
File: pdf/numerical_max_pooling_06.pdf Graphic file (type pdf)

<use pdf/numerical_max_pooling_06.pdf>
Package pdftex.def Info: pdf/numerical_max_pooling_06.pdf used on input line 44
7.
(pdftex.def)             Requested size: 110.40253pt x 71.68631pt.

<pdf/numerical_max_pooling_07.pdf, id=372, 162.26422pt x 105.35861pt>
File: pdf/numerical_max_pooling_07.pdf Graphic file (type pdf)

<use pdf/numerical_max_pooling_07.pdf>
Package pdftex.def Info: pdf/numerical_max_pooling_07.pdf used on input line 44
8.
(pdftex.def)             Requested size: 110.40253pt x 71.68631pt.

<pdf/numerical_max_pooling_08.pdf, id=373, 162.26422pt x 105.35861pt>
File: pdf/numerical_max_pooling_08.pdf Graphic file (type pdf)

<use pdf/numerical_max_pooling_08.pdf>
Package pdftex.def Info: pdf/numerical_max_pooling_08.pdf used on input line 44
9.
(pdftex.def)             Requested size: 110.40253pt x 71.68631pt.
 [10] [11 <./pdf/numerical_average_pooling_00.pdf> <./pdf/numerical_average_poo
ling_01.pdf> <./pdf/numerical_average_pooling_02.pdf> <./pdf/numerical_average_
pooling_03.pdf> <./pdf/numerical_average_pooling_04.pdf> <./pdf/numerical_avera
ge_pooling_05.pdf> <./pdf/numerical_average_pooling_06.pdf> <./pdf/numerical_av
erage_pooling_07.pdf> <./pdf/numerical_average_pooling_08.pdf> <./pdf/numerical
_max_pooling_00.pdf> <./pdf/numerical_max_pooling_01.pdf> <./pdf/numerical_max_
pooling_02.pdf> <./pdf/numerical_max_pooling_03.pdf> <./pdf/numerical_max_pooli
ng_04.pdf> <./pdf/numerical_max_pooling_05.pdf> <./pdf/numerical_max_pooling_06
.pdf> <./pdf/numerical_max_pooling_07.pdf> <./pdf/numerical_max_pooling_08.pdf>
]
Chapter 2.
Package mdframed Info: mdframed detected package amsthm 
 changed the theorem header of amsthm
(mdframed)              on input line 491.
[12

] <pdf/no_padding_no_strides_00.pdf, id=519, 117.53812pt x 124.6507pt>
File: pdf/no_padding_no_strides_00.pdf Graphic file (type pdf)

<use pdf/no_padding_no_strides_00.pdf>
Package pdftex.def Info: pdf/no_padding_no_strides_00.pdf used on input line 50
0.
(pdftex.def)             Requested size: 82.8019pt x 87.81596pt.

<pdf/no_padding_no_strides_01.pdf, id=520, 117.53812pt x 124.6527pt>
File: pdf/no_padding_no_strides_01.pdf Graphic file (type pdf)

<use pdf/no_padding_no_strides_01.pdf>
Package pdftex.def Info: pdf/no_padding_no_strides_01.pdf used on input line 50
1.
(pdftex.def)             Requested size: 82.8019pt x 87.81738pt.

<pdf/no_padding_no_strides_02.pdf, id=521, 117.53812pt x 124.6507pt>
File: pdf/no_padding_no_strides_02.pdf Graphic file (type pdf)

<use pdf/no_padding_no_strides_02.pdf>
Package pdftex.def Info: pdf/no_padding_no_strides_02.pdf used on input line 50
2.
(pdftex.def)             Requested size: 82.8019pt x 87.81596pt.

<pdf/no_padding_no_strides_03.pdf, id=522, 117.53812pt x 124.6507pt>
File: pdf/no_padding_no_strides_03.pdf Graphic file (type pdf)

<use pdf/no_padding_no_strides_03.pdf>
Package pdftex.def Info: pdf/no_padding_no_strides_03.pdf used on input line 50
3.
(pdftex.def)             Requested size: 82.8019pt x 87.81596pt.

<pdf/arbitrary_padding_no_strides_00.pdf, id=523, 238.46089pt x 261.22493pt>
File: pdf/arbitrary_padding_no_strides_00.pdf Graphic file (type pdf)

<use pdf/arbitrary_padding_no_strides_00.pdf>
Package pdftex.def Info: pdf/arbitrary_padding_no_strides_00.pdf used on input 
line 511.
(pdftex.def)             Requested size: 82.8019pt x 90.70862pt.

<pdf/arbitrary_padding_no_strides_01.pdf, id=524, 238.46089pt x 261.22493pt>
File: pdf/arbitrary_padding_no_strides_01.pdf Graphic file (type pdf)

<use pdf/arbitrary_padding_no_strides_01.pdf>
Package pdftex.def Info: pdf/arbitrary_padding_no_strides_01.pdf used on input 
line 512.
(pdftex.def)             Requested size: 82.8019pt x 90.70862pt.

<pdf/arbitrary_padding_no_strides_02.pdf, id=525, 238.46089pt x 261.22493pt>
File: pdf/arbitrary_padding_no_strides_02.pdf Graphic file (type pdf)

<use pdf/arbitrary_padding_no_strides_02.pdf>
Package pdftex.def Info: pdf/arbitrary_padding_no_strides_02.pdf used on input 
line 513.
(pdftex.def)             Requested size: 82.8019pt x 90.70862pt.

<pdf/arbitrary_padding_no_strides_03.pdf, id=526, 238.46089pt x 261.22493pt>
File: pdf/arbitrary_padding_no_strides_03.pdf Graphic file (type pdf)

<use pdf/arbitrary_padding_no_strides_03.pdf>
Package pdftex.def Info: pdf/arbitrary_padding_no_strides_03.pdf used on input 
line 514.
(pdftex.def)             Requested size: 82.8019pt x 90.70862pt.

<pdf/same_padding_no_strides_00.pdf, id=527, 190.0922pt x 216.41151pt>
File: pdf/same_padding_no_strides_00.pdf Graphic file (type pdf)

<use pdf/same_padding_no_strides_00.pdf>
Package pdftex.def Info: pdf/same_padding_no_strides_00.pdf used on input line 
523.
(pdftex.def)             Requested size: 82.8019pt x 94.26703pt.

<pdf/same_padding_no_strides_01.pdf, id=528, 190.0922pt x 216.41151pt>
File: pdf/same_padding_no_strides_01.pdf Graphic file (type pdf)

<use pdf/same_padding_no_strides_01.pdf>
Package pdftex.def Info: pdf/same_padding_no_strides_01.pdf used on input line 
524.
(pdftex.def)             Requested size: 82.8019pt x 94.26703pt.

<pdf/same_padding_no_strides_02.pdf, id=529, 190.0922pt x 216.41151pt>
File: pdf/same_padding_no_strides_02.pdf Graphic file (type pdf)

<use pdf/same_padding_no_strides_02.pdf>
Package pdftex.def Info: pdf/same_padding_no_strides_02.pdf used on input line 
525.
(pdftex.def)             Requested size: 82.8019pt x 94.26703pt.

<pdf/same_padding_no_strides_03.pdf, id=530, 190.0922pt x 216.41151pt>
File: pdf/same_padding_no_strides_03.pdf Graphic file (type pdf)

<use pdf/same_padding_no_strides_03.pdf>
Package pdftex.def Info: pdf/same_padding_no_strides_03.pdf used on input line 
526.
(pdftex.def)             Requested size: 82.8019pt x 94.26703pt.

<pdf/full_padding_no_strides_00.pdf, id=531, 238.46089pt x 277.58607pt>
File: pdf/full_padding_no_strides_00.pdf Graphic file (type pdf)

<use pdf/full_padding_no_strides_00.pdf>
Package pdftex.def Info: pdf/full_padding_no_strides_00.pdf used on input line 
534.
(pdftex.def)             Requested size: 82.8019pt x 96.38992pt.

<pdf/full_padding_no_strides_01.pdf, id=532, 238.46089pt x 277.58607pt>
File: pdf/full_padding_no_strides_01.pdf Graphic file (type pdf)

<use pdf/full_padding_no_strides_01.pdf>
Package pdftex.def Info: pdf/full_padding_no_strides_01.pdf used on input line 
535.
(pdftex.def)             Requested size: 82.8019pt x 96.38992pt.

<pdf/full_padding_no_strides_02.pdf, id=533, 238.46089pt x 277.58607pt>
File: pdf/full_padding_no_strides_02.pdf Graphic file (type pdf)

<use pdf/full_padding_no_strides_02.pdf>
Package pdftex.def Info: pdf/full_padding_no_strides_02.pdf used on input line 
536.
(pdftex.def)             Requested size: 82.8019pt x 96.38992pt.

<pdf/full_padding_no_strides_03.pdf, id=534, 238.46089pt x 277.58607pt>
File: pdf/full_padding_no_strides_03.pdf Graphic file (type pdf)

<use pdf/full_padding_no_strides_03.pdf>
Package pdftex.def Info: pdf/full_padding_no_strides_03.pdf used on input line 
537.
(pdftex.def)             Requested size: 82.8019pt x 96.38992pt.
Package mdframed Info: mdframed detected package amsthm 
 changed the theorem header of amsthm
(mdframed)              on input line 551.
Package mdframed Info: mdframed detected package amsthm 
 changed the theorem header of amsthm
(mdframed)              on input line 569.
Package mdframed Info: mdframed detected package amsthm 
 changed the theorem header of amsthm
(mdframed)              on input line 591.
 [13] [14 <./pdf/no_padding_no_strides_00.pdf> <./pdf/no_padding_no_strides_01.
pdf> <./pdf/no_padding_no_strides_02.pdf> <./pdf/no_padding_no_strides_03.pdf> 
<./pdf/arbitrary_padding_no_strides_00.pdf> <./pdf/arbitrary_padding_no_strides
_01.pdf> <./pdf/arbitrary_padding_no_strides_02.pdf> <./pdf/arbitrary_padding_n
o_strides_03.pdf> <./pdf/same_padding_no_strides_00.pdf> <./pdf/same_padding_no
_strides_01.pdf> <./pdf/same_padding_no_strides_02.pdf> <./pdf/same_padding_no_
strides_03.pdf> <./pdf/full_padding_no_strides_00.pdf> <./pdf/full_padding_no_s
trides_01.pdf> <./pdf/full_padding_no_strides_02.pdf> <./pdf/full_padding_no_st
rides_03.pdf>]
Package mdframed Info: mdframed detected package amsthm 
 changed the theorem header of amsthm
(mdframed)              on input line 625.
Package mdframed Info: mdframed detected package amsthm 
 changed the theorem header of amsthm
(mdframed)              on input line 644.
 [15]
<pdf/no_padding_strides_00.pdf, id=591, 141.72247pt x 138.87685pt>
File: pdf/no_padding_strides_00.pdf Graphic file (type pdf)

<use pdf/no_padding_strides_00.pdf>
Package pdftex.def Info: pdf/no_padding_strides_00.pdf used on input line 666.
(pdftex.def)             Requested size: 82.8019pt x 81.13985pt.

<pdf/no_padding_strides_01.pdf, id=592, 141.72247pt x 138.87985pt>
File: pdf/no_padding_strides_01.pdf Graphic file (type pdf)

<use pdf/no_padding_strides_01.pdf>
Package pdftex.def Info: pdf/no_padding_strides_01.pdf used on input line 667.
(pdftex.def)             Requested size: 82.8019pt x 81.1416pt.

<pdf/no_padding_strides_02.pdf, id=593, 141.72247pt x 138.87685pt>
File: pdf/no_padding_strides_02.pdf Graphic file (type pdf)

<use pdf/no_padding_strides_02.pdf>
Package pdftex.def Info: pdf/no_padding_strides_02.pdf used on input line 668.
(pdftex.def)             Requested size: 82.8019pt x 81.13985pt.

<pdf/no_padding_strides_03.pdf, id=594, 141.72247pt x 138.87685pt>
File: pdf/no_padding_strides_03.pdf Graphic file (type pdf)

<use pdf/no_padding_strides_03.pdf>
Package pdftex.def Info: pdf/no_padding_strides_03.pdf used on input line 669.
(pdftex.def)             Requested size: 82.8019pt x 81.13985pt.

<pdf/padding_strides_00.pdf, id=595, 190.0922pt x 183.69026pt>
File: pdf/padding_strides_00.pdf Graphic file (type pdf)

<use pdf/padding_strides_00.pdf>
Package pdftex.def Info: pdf/padding_strides_00.pdf used on input line 678.
(pdftex.def)             Requested size: 82.8019pt x 80.01392pt.

<pdf/padding_strides_01.pdf, id=596, 190.0922pt x 183.69026pt>
File: pdf/padding_strides_01.pdf Graphic file (type pdf)

<use pdf/padding_strides_01.pdf>
Package pdftex.def Info: pdf/padding_strides_01.pdf used on input line 679.
(pdftex.def)             Requested size: 82.8019pt x 80.01392pt.

<pdf/padding_strides_02.pdf, id=597, 190.0922pt x 183.69328pt>
File: pdf/padding_strides_02.pdf Graphic file (type pdf)

<use pdf/padding_strides_02.pdf>
Package pdftex.def Info: pdf/padding_strides_02.pdf used on input line 680.
(pdftex.def)             Requested size: 82.8019pt x 80.01524pt.

<pdf/padding_strides_03.pdf, id=598, 190.0922pt x 183.69026pt>
File: pdf/padding_strides_03.pdf Graphic file (type pdf)

<use pdf/padding_strides_03.pdf>
Package pdftex.def Info: pdf/padding_strides_03.pdf used on input line 681.
(pdftex.def)             Requested size: 82.8019pt x 80.01392pt.

<pdf/padding_strides_odd_00.pdf, id=599, 214.27654pt x 197.91641pt>
File: pdf/padding_strides_odd_00.pdf Graphic file (type pdf)

<use pdf/padding_strides_odd_00.pdf>
Package pdftex.def Info: pdf/padding_strides_odd_00.pdf used on input line 690.

(pdftex.def)             Requested size: 82.8019pt x 76.48041pt.

<pdf/padding_strides_odd_01.pdf, id=600, 214.27654pt x 197.91641pt>
File: pdf/padding_strides_odd_01.pdf Graphic file (type pdf)

<use pdf/padding_strides_odd_01.pdf>
Package pdftex.def Info: pdf/padding_strides_odd_01.pdf used on input line 691.

(pdftex.def)             Requested size: 82.8019pt x 76.48041pt.

<pdf/padding_strides_odd_02.pdf, id=601, 214.27654pt x 197.91942pt>
File: pdf/padding_strides_odd_02.pdf Graphic file (type pdf)

<use pdf/padding_strides_odd_02.pdf>
Package pdftex.def Info: pdf/padding_strides_odd_02.pdf used on input line 692.

(pdftex.def)             Requested size: 82.8019pt x 76.48157pt.

<pdf/padding_strides_odd_03.pdf, id=602, 214.27654pt x 197.91641pt>
File: pdf/padding_strides_odd_03.pdf Graphic file (type pdf)

<use pdf/padding_strides_odd_03.pdf>
Package pdftex.def Info: pdf/padding_strides_odd_03.pdf used on input line 693.

(pdftex.def)             Requested size: 82.8019pt x 76.48041pt.
 [16] [17 <./pdf/no_padding_strides_00.pdf> <./pdf/no_padding_strides_01.pdf> <
./pdf/no_padding_strides_02.pdf> <./pdf/no_padding_strides_03.pdf> <./pdf/paddi
ng_strides_00.pdf> <./pdf/padding_strides_01.pdf> <./pdf/padding_strides_02.pdf
> <./pdf/padding_strides_03.pdf> <./pdf/padding_strides_odd_00.pdf> <./pdf/padd
ing_strides_odd_01.pdf> <./pdf/padding_strides_odd_02.pdf> <./pdf/padding_strid
es_odd_03.pdf>]
Chapter 3.

Package natbib Warning: Citation `boureau-cvpr-10' on page 18 undefined on inpu
t line 750.


Package natbib Warning: Citation `boureau-icml-10' on page 18 undefined on inpu
t line 750.


Package natbib Warning: Citation `boureau-iccv-11' on page 18 undefined on inpu
t line 750.


Package natbib Warning: Citation `ICML2011Saxe_551' on page 18 undefined on inp
ut line 750.

Package mdframed Info: mdframed detected package amsthm 
 changed the theorem header of amsthm
(mdframed)              on input line 758.
[18

]
Chapter 4.
[19

] [20]
Package mdframed Info: mdframed detected package amsthm 
 changed the theorem header of amsthm
(mdframed)              on input line 916.
 [21]
Overfull \hbox (0.58594pt too wide) in paragraph at lines 925--927
[]\T1/cmr/m/n/10 Interestingly, this cor-re-sponds to a fully padded con-vo-lu-
tion with unit strides. 
 []

Package mdframed Info: mdframed detected package amsthm 
 changed the theorem header of amsthm
(mdframed)              on input line 941.

<pdf/no_padding_no_strides_transposed_00.pdf, id=658, 165.90782pt x 185.82524pt
>
File: pdf/no_padding_no_strides_transposed_00.pdf Graphic file (type pdf)
 <use pdf/no_padding_no_strides_transposed_00.pdf>
Package pdftex.def Info: pdf/no_padding_no_strides_transposed_00.pdf used on in
put line 952.
(pdftex.def)             Requested size: 82.8019pt x 92.74225pt.

<pdf/no_padding_no_strides_transposed_01.pdf, id=659, 165.90782pt x 185.82524pt
>
File: pdf/no_padding_no_strides_transposed_01.pdf Graphic file (type pdf)
 <use pdf/no_padding_no_strides_transposed_01.pdf>
Package pdftex.def Info: pdf/no_padding_no_strides_transposed_01.pdf used on in
put line 953.
(pdftex.def)             Requested size: 82.8019pt x 92.74225pt.

<pdf/no_padding_no_strides_transposed_02.pdf, id=660, 165.90782pt x 185.82524pt
>
File: pdf/no_padding_no_strides_transposed_02.pdf Graphic file (type pdf)
 <use pdf/no_padding_no_strides_transposed_02.pdf>
Package pdftex.def Info: pdf/no_padding_no_strides_transposed_02.pdf used on in
put line 954.
(pdftex.def)             Requested size: 82.8019pt x 92.74225pt.

<pdf/no_padding_no_strides_transposed_03.pdf, id=661, 165.90782pt x 185.82724pt
>
File: pdf/no_padding_no_strides_transposed_03.pdf Graphic file (type pdf)
 <use pdf/no_padding_no_strides_transposed_03.pdf>
Package pdftex.def Info: pdf/no_padding_no_strides_transposed_03.pdf used on in
put line 955.
(pdftex.def)             Requested size: 82.8019pt x 92.74326pt.

<pdf/arbitrary_padding_no_strides_transposed_00.pdf, id=662, 214.27654pt x 230.
63866pt>
File: pdf/arbitrary_padding_no_strides_transposed_00.pdf Graphic file (type pdf
)
 <use pdf/arbitrary_padding_no_strides_transposed_00.pdf>
Package pdftex.def Info: pdf/arbitrary_padding_no_strides_transposed_00.pdf use
d on input line 966.
(pdftex.def)             Requested size: 82.8019pt x 89.1252pt.

<pdf/arbitrary_padding_no_strides_transposed_01.pdf, id=663, 214.27654pt x 230.
63866pt>
File: pdf/arbitrary_padding_no_strides_transposed_01.pdf Graphic file (type pdf
)
 <use pdf/arbitrary_padding_no_strides_transposed_01.pdf>
Package pdftex.def Info: pdf/arbitrary_padding_no_strides_transposed_01.pdf use
d on input line 967.
(pdftex.def)             Requested size: 82.8019pt x 89.1252pt.

<pdf/arbitrary_padding_no_strides_transposed_02.pdf, id=664, 214.27654pt x 230.
63866pt>
File: pdf/arbitrary_padding_no_strides_transposed_02.pdf Graphic file (type pdf
)
 <use pdf/arbitrary_padding_no_strides_transposed_02.pdf>
Package pdftex.def Info: pdf/arbitrary_padding_no_strides_transposed_02.pdf use
d on input line 968.
(pdftex.def)             Requested size: 82.8019pt x 89.1252pt.

<pdf/arbitrary_padding_no_strides_transposed_03.pdf, id=665, 214.27654pt x 230.
63866pt>
File: pdf/arbitrary_padding_no_strides_transposed_03.pdf Graphic file (type pdf
)
 <use pdf/arbitrary_padding_no_strides_transposed_03.pdf>
Package pdftex.def Info: pdf/arbitrary_padding_no_strides_transposed_03.pdf use
d on input line 969.
(pdftex.def)             Requested size: 82.8019pt x 89.1252pt.

<pdf/same_padding_no_strides_transposed_00.pdf, id=666, 190.0922pt x 216.41151p
t>
File: pdf/same_padding_no_strides_transposed_00.pdf Graphic file (type pdf)
 <use pdf/same_padding_no_strides_transposed_00.pdf>
Package pdftex.def Info: pdf/same_padding_no_strides_transposed_00.pdf used on 
input line 981.
(pdftex.def)             Requested size: 82.8019pt x 94.26703pt.

<pdf/same_padding_no_strides_transposed_01.pdf, id=667, 190.0922pt x 216.41151p
t>
File: pdf/same_padding_no_strides_transposed_01.pdf Graphic file (type pdf)
 <use pdf/same_padding_no_strides_transposed_01.pdf>
Package pdftex.def Info: pdf/same_padding_no_strides_transposed_01.pdf used on 
input line 982.
(pdftex.def)             Requested size: 82.8019pt x 94.26703pt.

<pdf/same_padding_no_strides_transposed_02.pdf, id=668, 190.0922pt x 216.41151p
t>
File: pdf/same_padding_no_strides_transposed_02.pdf Graphic file (type pdf)
 <use pdf/same_padding_no_strides_transposed_02.pdf>
Package pdftex.def Info: pdf/same_padding_no_strides_transposed_02.pdf used on 
input line 983.
(pdftex.def)             Requested size: 82.8019pt x 94.26703pt.

<pdf/same_padding_no_strides_transposed_03.pdf, id=669, 190.0922pt x 216.41151p
t>
File: pdf/same_padding_no_strides_transposed_03.pdf Graphic file (type pdf)
 <use pdf/same_padding_no_strides_transposed_03.pdf>
Package pdftex.def Info: pdf/same_padding_no_strides_transposed_03.pdf used on 
input line 984.
(pdftex.def)             Requested size: 82.8019pt x 94.26703pt.
Package mdframed Info: mdframed detected package amsthm 
 changed the theorem header of amsthm
(mdframed)              on input line 1001.
 [22] [23 <./pdf/no_padding_no_strides_transposed_00.pdf> <./pdf/no_padding_no_
strides_transposed_01.pdf> <./pdf/no_padding_no_strides_transposed_02.pdf> <./p
df/no_padding_no_strides_transposed_03.pdf> <./pdf/arbitrary_padding_no_strides
_transposed_00.pdf> <./pdf/arbitrary_padding_no_strides_transposed_01.pdf> <./p
df/arbitrary_padding_no_strides_transposed_02.pdf> <./pdf/arbitrary_padding_no_
strides_transposed_03.pdf> <./pdf/same_padding_no_strides_transposed_00.pdf> <.
/pdf/same_padding_no_strides_transposed_01.pdf> <./pdf/same_padding_no_strides_
transposed_02.pdf> <./pdf/same_padding_no_strides_transposed_03.pdf>]
Package mdframed Info: mdframed detected package amsthm 
 changed the theorem header of amsthm
(mdframed)              on input line 1023.

Overfull \hbox (1.8501pt too wide) in paragraph at lines 1038--1038
[]\T1/cmr/bx/n/14.4 No zero padding, non-unit strides, trans-posed 
 []

Package mdframed Info: mdframed detected package amsthm 
 changed the theorem header of amsthm
(mdframed)              on input line 1058.

<pdf/full_padding_no_strides_transposed_00.pdf, id=700, 190.0922pt x 216.41151p
t>
File: pdf/full_padding_no_strides_transposed_00.pdf Graphic file (type pdf)
 <use pdf/full_padding_no_strides_transposed_00.pdf>
Package pdftex.def Info: pdf/full_padding_no_strides_transposed_00.pdf used on 
input line 1073.
(pdftex.def)             Requested size: 82.8019pt x 94.26703pt.

<pdf/full_padding_no_strides_transposed_01.pdf, id=701, 190.0922pt x 216.41151p
t>
File: pdf/full_padding_no_strides_transposed_01.pdf Graphic file (type pdf)
 <use pdf/full_padding_no_strides_transposed_01.pdf>
Package pdftex.def Info: pdf/full_padding_no_strides_transposed_01.pdf used on 
input line 1074.
(pdftex.def)             Requested size: 82.8019pt x 94.26703pt.

<pdf/full_padding_no_strides_transposed_02.pdf, id=702, 190.0922pt x 216.41151p
t>
File: pdf/full_padding_no_strides_transposed_02.pdf Graphic file (type pdf)
 <use pdf/full_padding_no_strides_transposed_02.pdf>
Package pdftex.def Info: pdf/full_padding_no_strides_transposed_02.pdf used on 
input line 1075.
(pdftex.def)             Requested size: 82.8019pt x 94.26703pt.

<pdf/full_padding_no_strides_transposed_03.pdf, id=703, 190.0922pt x 216.41151p
t>
File: pdf/full_padding_no_strides_transposed_03.pdf Graphic file (type pdf)
 <use pdf/full_padding_no_strides_transposed_03.pdf>
Package pdftex.def Info: pdf/full_padding_no_strides_transposed_03.pdf used on 
input line 1076.
(pdftex.def)             Requested size: 82.8019pt x 94.26703pt.

<pdf/no_padding_strides_transposed_00.pdf, id=704, 190.0922pt x 216.41151pt>
File: pdf/no_padding_strides_transposed_00.pdf Graphic file (type pdf)

<use pdf/no_padding_strides_transposed_00.pdf>
Package pdftex.def Info: pdf/no_padding_strides_transposed_00.pdf used on input
 line 1087.
(pdftex.def)             Requested size: 82.8019pt x 94.26703pt.

<pdf/no_padding_strides_transposed_01.pdf, id=705, 190.0922pt x 216.41151pt>
File: pdf/no_padding_strides_transposed_01.pdf Graphic file (type pdf)

<use pdf/no_padding_strides_transposed_01.pdf>
Package pdftex.def Info: pdf/no_padding_strides_transposed_01.pdf used on input
 line 1088.
(pdftex.def)             Requested size: 82.8019pt x 94.26703pt.

<pdf/no_padding_strides_transposed_02.pdf, id=706, 190.0922pt x 216.41151pt>
File: pdf/no_padding_strides_transposed_02.pdf Graphic file (type pdf)

<use pdf/no_padding_strides_transposed_02.pdf>
Package pdftex.def Info: pdf/no_padding_strides_transposed_02.pdf used on input
 line 1089.
(pdftex.def)             Requested size: 82.8019pt x 94.26703pt.

<pdf/no_padding_strides_transposed_03.pdf, id=707, 190.0922pt x 216.41151pt>
File: pdf/no_padding_strides_transposed_03.pdf Graphic file (type pdf)

<use pdf/no_padding_strides_transposed_03.pdf>
Package pdftex.def Info: pdf/no_padding_strides_transposed_03.pdf used on input
 line 1090.
(pdftex.def)             Requested size: 82.8019pt x 94.26703pt.

<pdf/padding_strides_transposed_00.pdf, id=708, 190.0922pt x 216.41151pt>
File: pdf/padding_strides_transposed_00.pdf Graphic file (type pdf)

<use pdf/padding_strides_transposed_00.pdf>
Package pdftex.def Info: pdf/padding_strides_transposed_00.pdf used on input li
ne 1102.
(pdftex.def)             Requested size: 82.8019pt x 94.26703pt.

<pdf/padding_strides_transposed_01.pdf, id=709, 190.0922pt x 216.41151pt>
File: pdf/padding_strides_transposed_01.pdf Graphic file (type pdf)

<use pdf/padding_strides_transposed_01.pdf>
Package pdftex.def Info: pdf/padding_strides_transposed_01.pdf used on input li
ne 1103.
(pdftex.def)             Requested size: 82.8019pt x 94.26703pt.

<pdf/padding_strides_transposed_02.pdf, id=710, 190.0922pt x 216.41151pt>
File: pdf/padding_strides_transposed_02.pdf Graphic file (type pdf)

<use pdf/padding_strides_transposed_02.pdf>
Package pdftex.def Info: pdf/padding_strides_transposed_02.pdf used on input li
ne 1104.
(pdftex.def)             Requested size: 82.8019pt x 94.26703pt.

<pdf/padding_strides_transposed_03.pdf, id=711, 190.0922pt x 216.41151pt>
File: pdf/padding_strides_transposed_03.pdf Graphic file (type pdf)

<use pdf/padding_strides_transposed_03.pdf>
Package pdftex.def Info: pdf/padding_strides_transposed_03.pdf used on input li
ne 1105.
(pdftex.def)             Requested size: 82.8019pt x 94.26703pt.
Package mdframed Info: mdframed detected package amsthm 
 changed the theorem header of amsthm
(mdframed)              on input line 1122.
 [24] [25 <./pdf/full_padding_no_strides_transposed_00.pdf> <./pdf/full_padding
_no_strides_transposed_01.pdf> <./pdf/full_padding_no_strides_transposed_02.pdf
> <./pdf/full_padding_no_strides_transposed_03.pdf> <./pdf/no_padding_strides_t
ransposed_00.pdf> <./pdf/no_padding_strides_transposed_01.pdf> <./pdf/no_paddin
g_strides_transposed_02.pdf> <./pdf/no_padding_strides_transposed_03.pdf> <./pd
f/padding_strides_transposed_00.pdf> <./pdf/padding_strides_transposed_01.pdf> 
<./pdf/padding_strides_transposed_02.pdf> <./pdf/padding_strides_transposed_03.
pdf>]
Package mdframed Info: mdframed detected package amsthm 
 changed the theorem header of amsthm
(mdframed)              on input line 1143.

<pdf/padding_strides_odd_transposed_00.pdf, id=743, 214.27654pt x 246.9988pt>
File: pdf/padding_strides_odd_transposed_00.pdf Graphic file (type pdf)

<use pdf/padding_strides_odd_transposed_00.pdf>
Package pdftex.def Info: pdf/padding_strides_odd_transposed_00.pdf used on inpu
t line 1162.
(pdftex.def)             Requested size: 82.8019pt x 95.44722pt.

<pdf/padding_strides_odd_transposed_01.pdf, id=744, 214.27654pt x 246.9988pt>
File: pdf/padding_strides_odd_transposed_01.pdf Graphic file (type pdf)

<use pdf/padding_strides_odd_transposed_01.pdf>
Package pdftex.def Info: pdf/padding_strides_odd_transposed_01.pdf used on inpu
t line 1163.
(pdftex.def)             Requested size: 82.8019pt x 95.44722pt.

<pdf/padding_strides_odd_transposed_02.pdf, id=745, 214.27654pt x 246.9988pt>
File: pdf/padding_strides_odd_transposed_02.pdf Graphic file (type pdf)

<use pdf/padding_strides_odd_transposed_02.pdf>
Package pdftex.def Info: pdf/padding_strides_odd_transposed_02.pdf used on inpu
t line 1164.
(pdftex.def)             Requested size: 82.8019pt x 95.44722pt.

<pdf/padding_strides_odd_transposed_03.pdf, id=746, 214.27654pt x 246.9988pt>
File: pdf/padding_strides_odd_transposed_03.pdf Graphic file (type pdf)

<use pdf/padding_strides_odd_transposed_03.pdf>
Package pdftex.def Info: pdf/padding_strides_odd_transposed_03.pdf used on inpu
t line 1165.
(pdftex.def)             Requested size: 82.8019pt x 95.44722pt.
 [26] [27 <./pdf/padding_strides_odd_transposed_00.pdf> <./pdf/padding_strides_
odd_transposed_01.pdf> <./pdf/padding_strides_odd_transposed_02.pdf> <./pdf/pad
ding_strides_odd_transposed_03.pdf>]
Chapter 5.

Package natbib Warning: Citation `chen2014semantic' on page 28 undefined on inp
ut line 1186.


Package natbib Warning: Citation `yu2015multi' on page 28 undefined on input li
ne 1186.


Package natbib Warning: Citation `oord2016wavenet' on page 28 undefined on inpu
t line 1197.

Package mdframed Info: mdframed detected package amsthm 
 changed the theorem header of amsthm
(mdframed)              on input line 1211.
<pdf/dilation_00.pdf, id=763, 190.0922pt x 183.69026pt>
File: pdf/dilation_00.pdf Graphic file (type pdf)

<use pdf/dilation_00.pdf>
Package pdftex.def Info: pdf/dilation_00.pdf used on input line 1220.
(pdftex.def)             Requested size: 82.8019pt x 80.01392pt.

<pdf/dilation_01.pdf, id=764, 190.0922pt x 183.69026pt>
File: pdf/dilation_01.pdf Graphic file (type pdf)

<use pdf/dilation_01.pdf>
Package pdftex.def Info: pdf/dilation_01.pdf used on input line 1221.
(pdftex.def)             Requested size: 82.8019pt x 80.01392pt.

<pdf/dilation_02.pdf, id=765, 190.0922pt x 183.69328pt>
File: pdf/dilation_02.pdf Graphic file (type pdf)

<use pdf/dilation_02.pdf>
Package pdftex.def Info: pdf/dilation_02.pdf used on input line 1222.
(pdftex.def)             Requested size: 82.8019pt x 80.01524pt.

<pdf/dilation_03.pdf, id=766, 190.0922pt x 183.69026pt>
File: pdf/dilation_03.pdf Graphic file (type pdf)

<use pdf/dilation_03.pdf>
Package pdftex.def Info: pdf/dilation_03.pdf used on input line 1223.
(pdftex.def)             Requested size: 82.8019pt x 80.01392pt.


LaTeX Warning: `h' float specifier changed to `ht'.

(./conv_arithmetic.bbl)

Package natbib Warning: There were undefined citations.

[28

]
Package atveryend Info: Empty hook `BeforeClearDocument' on input line 1235.
 [29 <./pdf/dilation_00.pdf> <./pdf/dilation_01.pdf> <./pdf/dilation_02.pdf> <.
/pdf/dilation_03.pdf>]
Package atveryend Info: Empty hook `AfterLastShipout' on input line 1235.
 (./conv_arithmetic.aux)
Package atveryend Info: Executing hook `AtVeryEndDocument' on input line 1235.
Package atveryend Info: Executing hook `AtEndAfterFileList' on input line 1235.

Package rerunfilecheck Info: File `conv_arithmetic.out' has not changed.
(rerunfilecheck)             Checksum: D91C3423AECCBF9F59457F68F657F613;1586.
 ) 
Here is how much of TeX's memory you used:
 29254 strings out of 492995
 583580 string characters out of 6132704
 658805 words of memory out of 5000000
 32149 multiletter control sequences out of 15000+600000
 29522 words of font info for 74 fonts, out of 8000000 for 9000
 1141 hyphenation exceptions out of 8191
 67i,20n,74p,10423b,874s stack positions out of 5000i,500n,10000p,200000b,80000s
{/usr/local/texlive/2017/texmf-dist/fonts/enc/dvips/cm-super/cm-super-t1.enc}
</usr/local/texlive/2017/texmf-dist/fonts/type1/public/amsfonts/cm/cmbx10.pfb><
/usr/local/texlive/2017/texmf-dist/fonts/type1/public/amsfonts/cm/cmex10.pfb></
usr/local/texlive/2017/texmf-dist/fonts/type1/public/amsfonts/cm/cmmi10.pfb></u
sr/local/texlive/2017/texmf-dist/fonts/type1/public/amsfonts/cm/cmmi7.pfb></usr
/local/texlive/2017/texmf-dist/fonts/type1/public/amsfonts/cm/cmr10.pfb></usr/l
ocal/texlive/2017/texmf-dist/fonts/type1/public/amsfonts/cm/cmr5.pfb></usr/loca
l/texlive/2017/texmf-dist/fonts/type1/public/amsfonts/cm/cmr7.pfb></usr/local/t
exlive/2017/texmf-dist/fonts/type1/public/amsfonts/cm/cmr8.pfb></usr/local/texl
ive/2017/texmf-dist/fonts/type1/public/amsfonts/cm/cmr9.pfb></usr/local/texlive
/2017/texmf-dist/fonts/type1/public/amsfonts/cm/cmsy10.pfb></usr/local/texlive/
2017/texmf-dist/fonts/type1/public/amsfonts/cm/cmsy7.pfb></usr/local/texlive/20
17/texmf-dist/fonts/type1/public/amsfonts/cm/cmsy8.pfb></usr/local/texlive/2017
/texmf-dist/fonts/type1/public/amsfonts/cm/cmsy9.pfb></usr/local/texlive/2017/t
exmf-dist/fonts/type1/public/amsfonts/symbols/msam10.pfb></usr/local/texlive/20
17/texmf-dist/fonts/type1/public/amsfonts/symbols/msbm10.pfb></usr/local/texliv
e/2017/texmf-dist/fonts/type1/public/cm-super/sfbx0900.pfb></usr/local/texlive/
2017/texmf-dist/fonts/type1/public/cm-super/sfbx1000.pfb></usr/local/texlive/20
17/texmf-dist/fonts/type1/public/cm-super/sfbx1200.pfb></usr/local/texlive/2017
/texmf-dist/fonts/type1/public/cm-super/sfbx1440.pfb></usr/local/texlive/2017/t
exmf-dist/fonts/type1/public/cm-super/sfbx2074.pfb></usr/local/texlive/2017/tex
mf-dist/fonts/type1/public/cm-super/sfbx2488.pfb></usr/local/texlive/2017/texmf
-dist/fonts/type1/public/cm-super/sfcc0900.pfb></usr/local/texlive/2017/texmf-d
ist/fonts/type1/public/cm-super/sfrm0500.pfb></usr/local/texlive/2017/texmf-dis
t/fonts/type1/public/cm-super/sfrm0600.pfb></usr/local/texlive/2017/texmf-dist/
fonts/type1/public/cm-super/sfrm0700.pfb></usr/local/texlive/2017/texmf-dist/fo
nts/type1/public/cm-super/sfrm0800.pfb></usr/local/texlive/2017/texmf-dist/font
s/type1/public/cm-super/sfrm0900.pfb></usr/local/texlive/2017/texmf-dist/fonts/
type1/public/cm-super/sfrm1000.pfb></usr/local/texlive/2017/texmf-dist/fonts/ty
pe1/public/cm-super/sfrm1200.pfb></usr/local/texlive/2017/texmf-dist/fonts/type
1/public/cm-super/sfrm1728.pfb></usr/local/texlive/2017/texmf-dist/fonts/type1/
public/cm-super/sfti0800.pfb></usr/local/texlive/2017/texmf-dist/fonts/type1/pu
blic/cm-super/sfti0900.pfb></usr/local/texlive/2017/texmf-dist/fonts/type1/publ
ic/cm-super/sfti1000.pfb></usr/local/texlive/2017/texmf-dist/fonts/type1/public
/cm-super/sftt0800.pfb>
Output written on conv_arithmetic.pdf (29 pages, 749809 bytes).
PDF statistics:
 909 PDF objects out of 1000 (max. 8388607)
 740 compressed objects within 8 object streams
 102 named destinations out of 1000 (max. 500000)
 669 words of extra memory for PDF output out of 10000 (max. 10000000)

